<!DOCTYPE html>

<html>
  <head>
  <meta charset='utf-8'>
  <title>TestNG reports</title>

    <link type="text/css" href="testng-reports1.css" rel="stylesheet" id="ultra" />
    <link type="text/css" href="testng-reports.css" rel="stylesheet" id="retro" disabled="false"/>
    <script type="text/javascript" src="jquery-3.6.0.min.js"></script>
    <script type="text/javascript" src="testng-reports.js"></script>
    <script type="text/javascript" src="https://www.google.com/jsapi"></script>
    <script type='text/javascript'>
      google.load('visualization', '1', {packages:['table']});
      google.setOnLoadCallback(drawTable);
      var suiteTableInitFunctions = new Array();
      var suiteTableData = new Array();
    </script>
    <!--
      <script type="text/javascript" src="jquery-ui/js/jquery-ui-1.8.16.custom.min.js"></script>
     -->
  </head>

  <body>    <div class="top-banner-root">
      <span class="top-banner-title-font">Test results</span>
      <button id="button" class="button">Switch Retro Theme</button> <!-- button -->
      <br/>
      <span class="top-banner-font-1">1 suite, 14 failed tests</span>
    </div> <!-- top-banner-root -->
    <div class="navigator-root">
      <div class="navigator-suite-header">
        <span>All suites</span>
        <a href="#" title="Collapse/expand all the suites" class="collapse-all-link">
          <img src="collapseall.gif" class="collapse-all-icon">
          </img> <!-- collapse-all-icon -->
        </a> <!-- collapse-all-link -->
      </div> <!-- navigator-suite-header -->
      <div class="suite">
        <div class="rounded-window">
          <div class="suite-header light-rounded-window-top">
            <a href="#" panel-name="suite-Surefire_suite" class="navigator-link">
              <span class="suite-name border-failed">Surefire suite</span>
            </a> <!-- navigator-link -->
          </div> <!-- suite-header light-rounded-window-top -->
          <div class="navigator-suite-content">
            <div class="suite-section-title">
              <span>Info</span>
            </div> <!-- suite-section-title -->
            <div class="suite-section-content">
              <ul>
                <li>
                  <a href="#" panel-name="test-xml-Surefire_suite" class="navigator-link ">
                    <span>[unset file name]</span>
                  </a> <!-- navigator-link  -->
                </li>
                <li>
                  <a href="#" panel-name="testlist-Surefire_suite" class="navigator-link ">
                    <span class="test-stats">1 test</span>
                  </a> <!-- navigator-link  -->
                </li>
                <li>
                  <a href="#" panel-name="group-Surefire_suite" class="navigator-link ">
                    <span>1 group</span>
                  </a> <!-- navigator-link  -->
                </li>
                <li>
                  <a href="#" panel-name="times-Surefire_suite" class="navigator-link ">
                    <span>Times</span>
                  </a> <!-- navigator-link  -->
                </li>
                <li>
                  <a href="#" panel-name="reporter-Surefire_suite" class="navigator-link ">
                    <span>Reporter output</span>
                  </a> <!-- navigator-link  -->
                </li>
                <li>
                  <a href="#" panel-name="ignored-methods-Surefire_suite" class="navigator-link ">
                    <span>Ignored methods</span>
                  </a> <!-- navigator-link  -->
                </li>
                <li>
                  <a href="#" panel-name="chronological-Surefire_suite" class="navigator-link ">
                    <span>Chronological view</span>
                  </a> <!-- navigator-link  -->
                </li>
              </ul>
            </div> <!-- suite-section-content -->
            <div class="result-section">
              <div class="suite-section-title">
                <span>Results</span>
              </div> <!-- suite-section-title -->
              <div class="suite-section-content">
                <ul>
                  <li>
                    <span class="method-stats">35 methods, 14 failed,   21 passed</span>
                  </li>
                  <li>
                    <span class="method-list-title failed">Failed methods</span>
                    <span class="show-or-hide-methods failed">
                      <a href="#" panel-name="suite-Surefire_suite" class="hide-methods failed suite-Surefire_suite"> (hide)</a> <!-- hide-methods failed suite-Surefire_suite -->
                      <a href="#" panel-name="suite-Surefire_suite" class="show-methods failed suite-Surefire_suite"> (show)</a> <!-- show-methods failed suite-Surefire_suite -->
                    </span>
                    <div class="method-list-content failed suite-Surefire_suite">
                      <span>
                        <img src="failed.png" width="3%"/>
                        <a href="#" panel-name="suite-Surefire_suite" title="runner.TestRunner" class="method navigator-link" hash-for-method="runScenario(&quot;Verify user should not be able to submit invalid Email : &quot;missingDotComFromDomain@c&quot;&quot;, &quot;User should...)">runScenario("Verify user should not be able to submit invalid Email : "missingDotComFromDomain@c"", "User should...)</a> <!-- method navigator-link -->
                      </span>
                      <br/>
                      <span>
                        <img src="failed.png" width="3%"/>
                        <a href="#" panel-name="suite-Surefire_suite" title="runner.TestRunner" class="method navigator-link" hash-for-method="runScenario(&quot;Verify user should not be able to submit invalid Name : &quot;@£$%^&amp;*($%^&amp;&quot;&quot;, &quot;User should be able to su...)">runScenario("Verify user should not be able to submit invalid Name : "@£$%^&*($%^&"", "User should be able to su...)</a> <!-- method navigator-link -->
                      </span>
                      <br/>
                      <span>
                        <img src="failed.png" width="3%"/>
                        <a href="#" panel-name="suite-Surefire_suite" title="runner.TestRunner" class="method navigator-link" hash-for-method="runScenario(&quot;Verify user should not be able to submit invalid Phone Number : &quot;!@£$%^&amp;*%^&amp;*&quot;&quot;, &quot;User should be ab...)">runScenario("Verify user should not be able to submit invalid Phone Number : "!@£$%^&*%^&*"", "User should be ab...)</a> <!-- method navigator-link -->
                      </span>
                      <br/>
                      <span>
                        <img src="failed.png" width="3%"/>
                        <a href="#" panel-name="suite-Surefire_suite" title="runner.TestRunner" class="method navigator-link" hash-for-method="runScenario(&quot;Verify user should not be able to submit invalid Name : &quot;123456789&quot;&quot;, &quot;User should be able to submi...)">runScenario("Verify user should not be able to submit invalid Name : "123456789"", "User should be able to submi...)</a> <!-- method navigator-link -->
                      </span>
                      <br/>
                      <span>
                        <img src="failed.png" width="3%"/>
                        <a href="#" panel-name="suite-Surefire_suite" title="runner.TestRunner" class="method navigator-link" hash-for-method="runScenario(&quot;Verify user should not be able to submit invalid Phone Number : &quot;stringWith42353254&quot;&quot;, &quot;User should...)">runScenario("Verify user should not be able to submit invalid Phone Number : "stringWith42353254"", "User should...)</a> <!-- method navigator-link -->
                      </span>
                      <br/>
                      <span>
                        <img src="failed.png" width="3%"/>
                        <a href="#" panel-name="suite-Surefire_suite" title="runner.TestRunner" class="method navigator-link" hash-for-method="runScenario(&quot;Verify user should be displayed the field specific icons&quot;, &quot;User should be able to submit contact u...)">runScenario("Verify user should be displayed the field specific icons", "User should be able to submit contact u...)</a> <!-- method navigator-link -->
                      </span>
                      <br/>
                      <span>
                        <img src="failed.png" width="3%"/>
                        <a href="#" panel-name="suite-Surefire_suite" title="runner.TestRunner" class="method navigator-link" hash-for-method="runScenario(&quot;Verify user should be displayed the message filed caption&quot;, &quot;User should be able to submit contact ...)">runScenario("Verify user should be displayed the message filed caption", "User should be able to submit contact ...)</a> <!-- method navigator-link -->
                      </span>
                      <br/>
                      <span>
                        <img src="failed.png" width="3%"/>
                        <a href="#" panel-name="suite-Surefire_suite" title="runner.TestRunner" class="method navigator-link" hash-for-method="runScenario(&quot;Verify user should not be able to submit invalid Phone Number : &quot;+76 726374627642&quot;&quot;, &quot;User should b...)">runScenario("Verify user should not be able to submit invalid Phone Number : "+76 726374627642"", "User should b...)</a> <!-- method navigator-link -->
                      </span>
                      <br/>
                      <span>
                        <img src="failed.png" width="3%"/>
                        <a href="#" panel-name="suite-Surefire_suite" title="runner.TestRunner" class="method navigator-link" hash-for-method="runScenario(&quot;Verify user should see error message with invalid information&quot;, &quot;User should be able to submit cont...)">runScenario("Verify user should see error message with invalid information", "User should be able to submit cont...)</a> <!-- method navigator-link -->
                      </span>
                      <br/>
                      <span>
                        <img src="failed.png" width="3%"/>
                        <a href="#" panel-name="suite-Surefire_suite" title="runner.TestRunner" class="method navigator-link" hash-for-method="runScenario(&quot;Verify user should not be able to submit invalid Phone Number : &quot;+76726374627642&quot;&quot;, &quot;User should be...)">runScenario("Verify user should not be able to submit invalid Phone Number : "+76726374627642"", "User should be...)</a> <!-- method navigator-link -->
                      </span>
                      <br/>
                      <span>
                        <img src="failed.png" width="3%"/>
                        <a href="#" panel-name="suite-Surefire_suite" title="runner.TestRunner" class="method navigator-link" hash-for-method="runScenario(&quot;Verify user should not be able to submit invalid Phone Number : &quot;stringAsPhoneNumber&quot;&quot;, &quot;User shoul...)">runScenario("Verify user should not be able to submit invalid Phone Number : "stringAsPhoneNumber"", "User shoul...)</a> <!-- method navigator-link -->
                      </span>
                      <br/>
                      <span>
                        <img src="failed.png" width="3%"/>
                        <a href="#" panel-name="suite-Surefire_suite" title="runner.TestRunner" class="method navigator-link" hash-for-method="runScenario(&quot;Verify user should not be able to submit invalid Phone Number : &quot;564 792 007&quot;&quot;, &quot;User should be abl...)">runScenario("Verify user should not be able to submit invalid Phone Number : "564 792 007"", "User should be abl...)</a> <!-- method navigator-link -->
                      </span>
                      <br/>
                      <span>
                        <img src="failed.png" width="3%"/>
                        <a href="#" panel-name="suite-Surefire_suite" title="runner.TestRunner" class="method navigator-link" hash-for-method="runScenario(&quot;Verify user should not be able to submit invalid Phone Number : &quot;777-111-222&quot;&quot;, &quot;User should be abl...)">runScenario("Verify user should not be able to submit invalid Phone Number : "777-111-222"", "User should be abl...)</a> <!-- method navigator-link -->
                      </span>
                      <br/>
                      <span>
                        <img src="failed.png" width="3%"/>
                        <a href="#" panel-name="suite-Surefire_suite" title="runner.TestRunner" class="method navigator-link" hash-for-method="runScenario(&quot;Verify user should not be able to submit invalid Name : &quot;!3654£!_$£%!&quot;&quot;, &quot;User should be able to su...)">runScenario("Verify user should not be able to submit invalid Name : "!3654£!_$£%!"", "User should be able to su...)</a> <!-- method navigator-link -->
                      </span>
                      <br/>
                    </div> <!-- method-list-content failed suite-Surefire_suite -->
                  </li>
                  <li>
                    <span class="method-list-title passed">Passed methods</span>
                    <span class="show-or-hide-methods passed">
                      <a href="#" panel-name="suite-Surefire_suite" class="hide-methods passed suite-Surefire_suite"> (hide)</a> <!-- hide-methods passed suite-Surefire_suite -->
                      <a href="#" panel-name="suite-Surefire_suite" class="show-methods passed suite-Surefire_suite"> (show)</a> <!-- show-methods passed suite-Surefire_suite -->
                    </span>
                    <div class="method-list-content passed suite-Surefire_suite">
                      <span>
                        <img src="passed.png" width="3%"/>
                        <a href="#" panel-name="suite-Surefire_suite" title="runner.TestRunner" class="method navigator-link" hash-for-method="runScenario(&quot;Verify user should be displayed the field labels&quot;, &quot;User should be able to submit contact us reques...)">runScenario("Verify user should be displayed the field labels", "User should be able to submit contact us reques...)</a> <!-- method navigator-link -->
                      </span>
                      <br/>
                      <span>
                        <img src="passed.png" width="3%"/>
                        <a href="#" panel-name="suite-Surefire_suite" title="runner.TestRunner" class="method navigator-link" hash-for-method="runScenario(&quot;Verify that user should be able to submit contact us form with valid successfully&quot;, &quot;User should be...)">runScenario("Verify that user should be able to submit contact us form with valid successfully", "User should be...)</a> <!-- method navigator-link -->
                      </span>
                      <br/>
                      <span>
                        <img src="passed.png" width="3%"/>
                        <a href="#" panel-name="suite-Surefire_suite" title="runner.TestRunner" class="method navigator-link" hash-for-method="runScenario(&quot;Verify user should not be able to submit out of range Phone Number : &quot;777&quot;&quot;, &quot;User should be able t...)">runScenario("Verify user should not be able to submit out of range Phone Number : "777"", "User should be able t...)</a> <!-- method navigator-link -->
                      </span>
                      <br/>
                      <span>
                        <img src="passed.png" width="3%"/>
                        <a href="#" panel-name="suite-Surefire_suite" title="runner.TestRunner" class="method navigator-link" hash-for-method="runScenario(&quot;Verify user should not be able to submit out of range Subject : &quot;qwe&quot;&quot;, &quot;User should be able to sub...)">runScenario("Verify user should not be able to submit out of range Subject : "qwe"", "User should be able to sub...)</a> <!-- method navigator-link -->
                      </span>
                      <br/>
                      <span>
                        <img src="passed.png" width="3%"/>
                        <a href="#" panel-name="suite-Surefire_suite" title="runner.TestRunner" class="method navigator-link" hash-for-method="runScenario(&quot;Verify user should be displayed the field labels&quot;, &quot;User should be able to submit contact us reques...)">runScenario("Verify user should be displayed the field labels", "User should be able to submit contact us reques...)</a> <!-- method navigator-link -->
                      </span>
                      <br/>
                      <span>
                        <img src="passed.png" width="3%"/>
                        <a href="#" panel-name="suite-Surefire_suite" title="runner.TestRunner" class="method navigator-link" hash-for-method="runScenario(&quot;Verify user should be displayed the field labels&quot;, &quot;User should be able to submit contact us reques...)">runScenario("Verify user should be displayed the field labels", "User should be able to submit contact us reques...)</a> <!-- method navigator-link -->
                      </span>
                      <br/>
                      <span>
                        <img src="passed.png" width="3%"/>
                        <a href="#" panel-name="suite-Surefire_suite" title="runner.TestRunner" class="method navigator-link" hash-for-method="runScenario(&quot;Verify user should be displayed the field labels&quot;, &quot;User should be able to submit contact us reques...)">runScenario("Verify user should be displayed the field labels", "User should be able to submit contact us reques...)</a> <!-- method navigator-link -->
                      </span>
                      <br/>
                      <span>
                        <img src="passed.png" width="3%"/>
                        <a href="#" panel-name="suite-Surefire_suite" title="runner.TestRunner" class="method navigator-link" hash-for-method="runScenario(&quot;Verify user should be displayed the field specific icons&quot;, &quot;User should be able to submit contact u...)">runScenario("Verify user should be displayed the field specific icons", "User should be able to submit contact u...)</a> <!-- method navigator-link -->
                      </span>
                      <br/>
                      <span>
                        <img src="passed.png" width="3%"/>
                        <a href="#" panel-name="suite-Surefire_suite" title="runner.TestRunner" class="method navigator-link" hash-for-method="runScenario(&quot;Verify user should not be able to submit invalid Email : &quot;missingDomain@&quot;&quot;, &quot;User should be able to...)">runScenario("Verify user should not be able to submit invalid Email : "missingDomain@"", "User should be able to...)</a> <!-- method navigator-link -->
                      </span>
                      <br/>
                      <span>
                        <img src="passed.png" width="3%"/>
                        <a href="#" panel-name="suite-Surefire_suite" title="runner.TestRunner" class="method navigator-link" hash-for-method="runScenario(&quot;Verify user should not be able to submit invalid Email : &quot;missingCom@xyz.&quot;&quot;, &quot;User should be able t...)">runScenario("Verify user should not be able to submit invalid Email : "missingCom@xyz."", "User should be able t...)</a> <!-- method navigator-link -->
                      </span>
                      <br/>
                      <span>
                        <img src="passed.png" width="3%"/>
                        <a href="#" panel-name="suite-Surefire_suite" title="runner.TestRunner" class="method navigator-link" hash-for-method="runScenario(&quot;Verify user should not be able to submit out of range message : &quot;lessThanTwenty&quot;&quot;, &quot;User should be ...)">runScenario("Verify user should not be able to submit out of range message : "lessThanTwenty"", "User should be ...)</a> <!-- method navigator-link -->
                      </span>
                      <br/>
                      <span>
                        <img src="passed.png" width="3%"/>
                        <a href="#" panel-name="suite-Surefire_suite" title="runner.TestRunner" class="method navigator-link" hash-for-method="runScenario(&quot;Verify user should not be able to submit invalid Email : &quot;invalidEmailMissingAt.com&quot;&quot;, &quot;User should...)">runScenario("Verify user should not be able to submit invalid Email : "invalidEmailMissingAt.com"", "User should...)</a> <!-- method navigator-link -->
                      </span>
                      <br/>
                      <span>
                        <img src="passed.png" width="3%"/>
                        <a href="#" panel-name="suite-Surefire_suite" title="runner.TestRunner" class="method navigator-link" hash-for-method="runScenario(&quot;Verify user should not be able to submit invalid Email : &quot;spaces not@allowed.com&quot;&quot;, &quot;User should be...)">runScenario("Verify user should not be able to submit invalid Email : "spaces not@allowed.com"", "User should be...)</a> <!-- method navigator-link -->
                      </span>
                      <br/>
                      <span>
                        <img src="passed.png" width="3%"/>
                        <a href="#" panel-name="suite-Surefire_suite" title="runner.TestRunner" class="method navigator-link" hash-for-method="runScenario(&quot;Verify user should not be able to submit out of range message : &quot;MessageTextWithMoreThan2000Charact...)">runScenario("Verify user should not be able to submit out of range message : "MessageTextWithMoreThan2000Charact...)</a> <!-- method navigator-link -->
                      </span>
                      <br/>
                      <span>
                        <img src="passed.png" width="3%"/>
                        <a href="#" panel-name="suite-Surefire_suite" title="runner.TestRunner" class="method navigator-link" hash-for-method="runScenario(&quot;Verify user should not be able to submit out of range Phone Number : &quot;777711112222333344445555&quot;&quot;, &quot;...)">runScenario("Verify user should not be able to submit out of range Phone Number : "777711112222333344445555"", "...)</a> <!-- method navigator-link -->
                      </span>
                      <br/>
                      <span>
                        <img src="passed.png" width="3%"/>
                        <a href="#" panel-name="suite-Surefire_suite" title="runner.TestRunner" class="method navigator-link" hash-for-method="runScenario(&quot;Verify user should not be able to submit invalid Email : &quot;@missingUserName.com&quot;&quot;, &quot;User should be a...)">runScenario("Verify user should not be able to submit invalid Email : "@missingUserName.com"", "User should be a...)</a> <!-- method navigator-link -->
                      </span>
                      <br/>
                      <span>
                        <img src="passed.png" width="3%"/>
                        <a href="#" panel-name="suite-Surefire_suite" title="runner.TestRunner" class="method navigator-link" hash-for-method="runScenario(&quot;Verify user should not be able to submit invalid Email : &quot;double..dots@domain.com&quot;&quot;, &quot;User should b...)">runScenario("Verify user should not be able to submit invalid Email : "double..dots@domain.com"", "User should b...)</a> <!-- method navigator-link -->
                      </span>
                      <br/>
                      <span>
                        <img src="passed.png" width="3%"/>
                        <a href="#" panel-name="suite-Surefire_suite" title="runner.TestRunner" class="method navigator-link" hash-for-method="runScenario(&quot;Verify user should be displayed the field specific icons&quot;, &quot;User should be able to submit contact u...)">runScenario("Verify user should be displayed the field specific icons", "User should be able to submit contact u...)</a> <!-- method navigator-link -->
                      </span>
                      <br/>
                      <span>
                        <img src="passed.png" width="3%"/>
                        <a href="#" panel-name="suite-Surefire_suite" title="runner.TestRunner" class="method navigator-link" hash-for-method="runScenario(&quot;Verify user should be displayed the field specific icons&quot;, &quot;User should be able to submit contact u...)">runScenario("Verify user should be displayed the field specific icons", "User should be able to submit contact u...)</a> <!-- method navigator-link -->
                      </span>
                      <br/>
                      <span>
                        <img src="passed.png" width="3%"/>
                        <a href="#" panel-name="suite-Surefire_suite" title="runner.TestRunner" class="method navigator-link" hash-for-method="runScenario(&quot;Verify user should not be able to submit invalid Email : &quot;missingAtDotCom&quot;&quot;, &quot;User should be able t...)">runScenario("Verify user should not be able to submit invalid Email : "missingAtDotCom"", "User should be able t...)</a> <!-- method navigator-link -->
                      </span>
                      <br/>
                      <span>
                        <img src="passed.png" width="3%"/>
                        <a href="#" panel-name="suite-Surefire_suite" title="runner.TestRunner" class="method navigator-link" hash-for-method="runScenario(&quot;Verify user should not be able to submit out of range Subject : &quot;qwertyuiopasdfghjklzxcvbnmqwertyui...)">runScenario("Verify user should not be able to submit out of range Subject : "qwertyuiopasdfghjklzxcvbnmqwertyui...)</a> <!-- method navigator-link -->
                      </span>
                      <br/>
                    </div> <!-- method-list-content passed suite-Surefire_suite -->
                  </li>
                </ul>
              </div> <!-- suite-section-content -->
            </div> <!-- result-section -->
          </div> <!-- navigator-suite-content -->
        </div> <!-- rounded-window -->
      </div> <!-- suite -->
    </div> <!-- navigator-root -->
    <div class="wrapper">
      <div class="main-panel-root">
        <div panel-name="suite-Surefire_suite" class="panel Surefire_suite">
          <div class="suite-Surefire_suite-class-failed">
            <div class="main-panel-header rounded-window-top">
              <img src="failed.png"/>
              <span class="class-name">runner.TestRunner</span>
            </div> <!-- main-panel-header rounded-window-top -->
            <div class="main-panel-content rounded-window-bottom">
              <div class="method">
                <div class="method-content">
                  <a name="runScenario(&quot;Verify user should not be able to submit invalid Email : &quot;missingDotComFromDomain@c&quot;&quot;, &quot;User should...)">
                  </a> <!-- runScenario("Verify user should not be able to submit invalid Email : "missingDotComFromDomain@c"", "User should...) -->
                  <span class="method-name">runScenario</span>
                  <span class="parameters">("Verify user should not be able to submit invalid Email : "missingDotComFromDomain@c"","User should be able to submit contact us request")</span>
                  <div class="stack-trace">com.microsoft.playwright.TimeoutError: Error {
  message=&apos;Timeout 30000ms exceeded.
  name=&apos;TimeoutError
  stack=&apos;TimeoutError: Timeout 30000ms exceeded.
    at ProgressController.run (/private/var/folders/m8/d_ml1jqs5rdf6m9md2pykmkh0000gn/T/playwright-java-4336040391069677089/package/lib/server/progress.js:87:26)
    at Frame._callOnElementOnceMatches (/private/var/folders/m8/d_ml1jqs5rdf6m9md2pykmkh0000gn/T/playwright-java-4336040391069677089/package/lib/server/frames.js:1399:23)
    at Frame.textContent (/private/var/folders/m8/d_ml1jqs5rdf6m9md2pykmkh0000gn/T/playwright-java-4336040391069677089/package/lib/server/frames.js:1056:17)
    at FrameDispatcher.textContent (/private/var/folders/m8/d_ml1jqs5rdf6m9md2pykmkh0000gn/T/playwright-java-4336040391069677089/package/lib/server/dispatchers/frameDispatcher.js:179:37)
    at FrameDispatcher._handleCommand (/private/var/folders/m8/d_ml1jqs5rdf6m9md2pykmkh0000gn/T/playwright-java-4336040391069677089/package/lib/server/dispatchers/dispatcher.js:94:40)
    at DispatcherConnection.dispatch (/private/var/folders/m8/d_ml1jqs5rdf6m9md2pykmkh0000gn/T/playwright-java-4336040391069677089/package/lib/server/dispatchers/dispatcher.js:362:39)
}
Call log:
- waiting for locator(&quot;.alert&quot;)

	at com.microsoft.playwright.impl.WaitableResult.get(WaitableResult.java:52)
	at com.microsoft.playwright.impl.ChannelOwner.runUntil(ChannelOwner.java:120)
	at com.microsoft.playwright.impl.Connection.sendMessage(Connection.java:129)
	at com.microsoft.playwright.impl.ChannelOwner.sendMessage(ChannelOwner.java:106)
	at com.microsoft.playwright.impl.FrameImpl.textContentImpl(FrameImpl.java:818)
	at com.microsoft.playwright.impl.FrameImpl.lambda$textContent$38(FrameImpl.java:809)
	at com.microsoft.playwright.impl.LoggingSupport.withLogging(LoggingSupport.java:47)
	at com.microsoft.playwright.impl.ChannelOwner.withLogging(ChannelOwner.java:89)
	at com.microsoft.playwright.impl.FrameImpl.textContent(FrameImpl.java:809)
	at com.microsoft.playwright.impl.LocatorImpl.textContent(LocatorImpl.java:566)
	at com.microsoft.playwright.Locator.textContent(Locator.java:5090)
	at com.test.roku.utils.AssertionUtils.assertEquals(AssertionUtils.java:15)
	at com.test.roku.steps.ContactUsPageAssertions.assertErrorDisplayedForInvalidFormat(ContactUsPageAssertions.java:168)
	at com.test.roku.steps.ContactUsSteps.userShouldBeDisplayedInvalidFormatErrorMessage(ContactUsSteps.java:141)
	at ✽.User should be displayed invalid &quot;Email&quot; format error message(file:///Users/sanju/Desktop/PlaywightJavaWorkSpace/PlayWrightJavaAutomation/src/test/java/features/contactUs.feature:71)
Caused by: com.microsoft.playwright.TimeoutError: Error {
  message=&apos;Timeout 30000ms exceeded.
  name=&apos;TimeoutError
  stack=&apos;TimeoutError: Timeout 30000ms exceeded.
    at ProgressController.run (/private/var/folders/m8/d_ml1jqs5rdf6m9md2pykmkh0000gn/T/playwright-java-4336040391069677089/package/lib/server/progress.js:87:26)
    at Frame._callOnElementOnceMatches (/private/var/folders/m8/d_ml1jqs5rdf6m9md2pykmkh0000gn/T/playwright-java-4336040391069677089/package/lib/server/frames.js:1399:23)
    at Frame.textContent (/private/var/folders/m8/d_ml1jqs5rdf6m9md2pykmkh0000gn/T/playwright-java-4336040391069677089/package/lib/server/frames.js:1056:17)
    at FrameDispatcher.textContent (/private/var/folders/m8/d_ml1jqs5rdf6m9md2pykmkh0000gn/T/playwright-java-4336040391069677089/package/lib/server/dispatchers/frameDispatcher.js:179:37)
    at FrameDispatcher._handleCommand (/private/var/folders/m8/d_ml1jqs5rdf6m9md2pykmkh0000gn/T/playwright-java-4336040391069677089/package/lib/server/dispatchers/dispatcher.js:94:40)
    at DispatcherConnection.dispatch (/private/var/folders/m8/d_ml1jqs5rdf6m9md2pykmkh0000gn/T/playwright-java-4336040391069677089/package/lib/server/dispatchers/dispatcher.js:362:39)
}
Call log:
- waiting for locator(&quot;.alert&quot;)

	at com.microsoft.playwright.impl.Connection.dispatch(Connection.java:254)
	at com.microsoft.playwright.impl.Connection.processOneMessage(Connection.java:209)
	at com.microsoft.playwright.impl.ChannelOwner.runUntil(ChannelOwner.java:118)
	at com.microsoft.playwright.impl.Connection.sendMessage(Connection.java:129)
	at com.microsoft.playwright.impl.ChannelOwner.sendMessage(ChannelOwner.java:106)
	at com.microsoft.playwright.impl.FrameImpl.textContentImpl(FrameImpl.java:818)
	at com.microsoft.playwright.impl.FrameImpl.lambda$textContent$38(FrameImpl.java:809)
	at com.microsoft.playwright.impl.LoggingSupport.withLogging(LoggingSupport.java:47)
	at com.microsoft.playwright.impl.ChannelOwner.withLogging(ChannelOwner.java:89)
	at com.microsoft.playwright.impl.FrameImpl.textContent(FrameImpl.java:809)
	at com.microsoft.playwright.impl.LocatorImpl.textContent(LocatorImpl.java:566)
	at com.microsoft.playwright.Locator.textContent(Locator.java:5090)
	at com.test.roku.utils.AssertionUtils.assertEquals(AssertionUtils.java:15)
	at com.test.roku.steps.ContactUsPageAssertions.assertErrorDisplayedForInvalidFormat(ContactUsPageAssertions.java:168)
	at com.test.roku.steps.ContactUsSteps.userShouldBeDisplayedInvalidFormatErrorMessage(ContactUsSteps.java:141)
	at io.cucumber.java.Invoker.doInvoke(Invoker.java:66)
	at io.cucumber.java.Invoker.invoke(Invoker.java:24)
	at io.cucumber.java.AbstractGlueDefinition.invokeMethod(AbstractGlueDefinition.java:47)
	at io.cucumber.java.JavaStepDefinition.execute(JavaStepDefinition.java:29)
	at io.cucumber.core.runner.CoreStepDefinition.execute(CoreStepDefinition.java:66)
	at io.cucumber.core.runner.PickleStepDefinitionMatch.runStep(PickleStepDefinitionMatch.java:63)
	at io.cucumber.core.runner.ExecutionMode$1.execute(ExecutionMode.java:10)
	at io.cucumber.core.runner.TestStep.executeStep(TestStep.java:86)
	at io.cucumber.core.runner.TestStep.run(TestStep.java:57)
	at io.cucumber.core.runner.PickleStepTestStep.run(PickleStepTestStep.java:51)
	at io.cucumber.core.runner.TestCase.run(TestCase.java:95)
	at io.cucumber.core.runner.Runner.runPickle(Runner.java:75)
	at io.cucumber.testng.TestNGCucumberRunner.lambda$runScenario$1(TestNGCucumberRunner.java:132)
	at io.cucumber.core.runtime.CucumberExecutionContext.lambda$runTestCase$3(CucumberExecutionContext.java:151)
	at io.cucumber.core.runtime.RethrowingThrowableCollector.executeAndThrow(RethrowingThrowableCollector.java:23)
	at io.cucumber.core.runtime.CucumberExecutionContext.runTestCase(CucumberExecutionContext.java:151)
	at io.cucumber.testng.TestNGCucumberRunner.runScenario(TestNGCucumberRunner.java:129)
	at io.cucumber.testng.AbstractTestNGCucumberTests.runScenario(AbstractTestNGCucumberTests.java:35)
	at java.base/java.util.ArrayList.forEach(ArrayList.java:1596)
... Removed 32 stack frames
</div> <!-- stack-trace -->
                  <em>
(Runs Cucumber Scenarios)                  </em>
                </div> <!-- method-content -->
              </div> <!-- method -->
              <div class="method">
                <div class="method-content">
                  <a name="runScenario(&quot;Verify user should not be able to submit invalid Name : &quot;@£$%^&amp;*($%^&amp;&quot;&quot;, &quot;User should be able to su...)">
                  </a> <!-- runScenario("Verify user should not be able to submit invalid Name : "@£$%^&*($%^&"", "User should be able to su...) -->
                  <span class="method-name">runScenario</span>
                  <span class="parameters">("Verify user should not be able to submit invalid Name : "@£$%^&*($%^&"","User should be able to submit contact us request")</span>
                  <div class="stack-trace">com.microsoft.playwright.TimeoutError: Error {
  message=&apos;Timeout 30000ms exceeded.
  name=&apos;TimeoutError
  stack=&apos;TimeoutError: Timeout 30000ms exceeded.
    at ProgressController.run (/private/var/folders/m8/d_ml1jqs5rdf6m9md2pykmkh0000gn/T/playwright-java-4336040391069677089/package/lib/server/progress.js:87:26)
    at Frame._callOnElementOnceMatches (/private/var/folders/m8/d_ml1jqs5rdf6m9md2pykmkh0000gn/T/playwright-java-4336040391069677089/package/lib/server/frames.js:1399:23)
    at Frame.textContent (/private/var/folders/m8/d_ml1jqs5rdf6m9md2pykmkh0000gn/T/playwright-java-4336040391069677089/package/lib/server/frames.js:1056:17)
    at FrameDispatcher.textContent (/private/var/folders/m8/d_ml1jqs5rdf6m9md2pykmkh0000gn/T/playwright-java-4336040391069677089/package/lib/server/dispatchers/frameDispatcher.js:179:37)
    at FrameDispatcher._handleCommand (/private/var/folders/m8/d_ml1jqs5rdf6m9md2pykmkh0000gn/T/playwright-java-4336040391069677089/package/lib/server/dispatchers/dispatcher.js:94:40)
    at DispatcherConnection.dispatch (/private/var/folders/m8/d_ml1jqs5rdf6m9md2pykmkh0000gn/T/playwright-java-4336040391069677089/package/lib/server/dispatchers/dispatcher.js:362:39)
}
Call log:
- waiting for locator(&quot;.alert&quot;)

	at com.microsoft.playwright.impl.WaitableResult.get(WaitableResult.java:52)
	at com.microsoft.playwright.impl.ChannelOwner.runUntil(ChannelOwner.java:120)
	at com.microsoft.playwright.impl.Connection.sendMessage(Connection.java:129)
	at com.microsoft.playwright.impl.ChannelOwner.sendMessage(ChannelOwner.java:106)
	at com.microsoft.playwright.impl.FrameImpl.textContentImpl(FrameImpl.java:818)
	at com.microsoft.playwright.impl.FrameImpl.lambda$textContent$38(FrameImpl.java:809)
	at com.microsoft.playwright.impl.LoggingSupport.withLogging(LoggingSupport.java:47)
	at com.microsoft.playwright.impl.ChannelOwner.withLogging(ChannelOwner.java:89)
	at com.microsoft.playwright.impl.FrameImpl.textContent(FrameImpl.java:809)
	at com.microsoft.playwright.impl.LocatorImpl.textContent(LocatorImpl.java:566)
	at com.microsoft.playwright.Locator.textContent(Locator.java:5090)
	at com.test.roku.utils.AssertionUtils.assertEquals(AssertionUtils.java:15)
	at com.test.roku.steps.ContactUsPageAssertions.assertErrorDisplayedForInvalidFormat(ContactUsPageAssertions.java:168)
	at com.test.roku.steps.ContactUsSteps.userShouldBeDisplayedInvalidFormatErrorMessage(ContactUsSteps.java:141)
	at ✽.User should be displayed invalid &quot;Name&quot; format error message(file:///Users/sanju/Desktop/PlaywightJavaWorkSpace/PlayWrightJavaAutomation/src/test/java/features/contactUs.feature:60)
Caused by: com.microsoft.playwright.TimeoutError: Error {
  message=&apos;Timeout 30000ms exceeded.
  name=&apos;TimeoutError
  stack=&apos;TimeoutError: Timeout 30000ms exceeded.
    at ProgressController.run (/private/var/folders/m8/d_ml1jqs5rdf6m9md2pykmkh0000gn/T/playwright-java-4336040391069677089/package/lib/server/progress.js:87:26)
    at Frame._callOnElementOnceMatches (/private/var/folders/m8/d_ml1jqs5rdf6m9md2pykmkh0000gn/T/playwright-java-4336040391069677089/package/lib/server/frames.js:1399:23)
    at Frame.textContent (/private/var/folders/m8/d_ml1jqs5rdf6m9md2pykmkh0000gn/T/playwright-java-4336040391069677089/package/lib/server/frames.js:1056:17)
    at FrameDispatcher.textContent (/private/var/folders/m8/d_ml1jqs5rdf6m9md2pykmkh0000gn/T/playwright-java-4336040391069677089/package/lib/server/dispatchers/frameDispatcher.js:179:37)
    at FrameDispatcher._handleCommand (/private/var/folders/m8/d_ml1jqs5rdf6m9md2pykmkh0000gn/T/playwright-java-4336040391069677089/package/lib/server/dispatchers/dispatcher.js:94:40)
    at DispatcherConnection.dispatch (/private/var/folders/m8/d_ml1jqs5rdf6m9md2pykmkh0000gn/T/playwright-java-4336040391069677089/package/lib/server/dispatchers/dispatcher.js:362:39)
}
Call log:
- waiting for locator(&quot;.alert&quot;)

	at com.microsoft.playwright.impl.Connection.dispatch(Connection.java:254)
	at com.microsoft.playwright.impl.Connection.processOneMessage(Connection.java:209)
	at com.microsoft.playwright.impl.ChannelOwner.runUntil(ChannelOwner.java:118)
	at com.microsoft.playwright.impl.Connection.sendMessage(Connection.java:129)
	at com.microsoft.playwright.impl.ChannelOwner.sendMessage(ChannelOwner.java:106)
	at com.microsoft.playwright.impl.FrameImpl.textContentImpl(FrameImpl.java:818)
	at com.microsoft.playwright.impl.FrameImpl.lambda$textContent$38(FrameImpl.java:809)
	at com.microsoft.playwright.impl.LoggingSupport.withLogging(LoggingSupport.java:47)
	at com.microsoft.playwright.impl.ChannelOwner.withLogging(ChannelOwner.java:89)
	at com.microsoft.playwright.impl.FrameImpl.textContent(FrameImpl.java:809)
	at com.microsoft.playwright.impl.LocatorImpl.textContent(LocatorImpl.java:566)
	at com.microsoft.playwright.Locator.textContent(Locator.java:5090)
	at com.test.roku.utils.AssertionUtils.assertEquals(AssertionUtils.java:15)
	at com.test.roku.steps.ContactUsPageAssertions.assertErrorDisplayedForInvalidFormat(ContactUsPageAssertions.java:168)
	at com.test.roku.steps.ContactUsSteps.userShouldBeDisplayedInvalidFormatErrorMessage(ContactUsSteps.java:141)
	at io.cucumber.java.Invoker.doInvoke(Invoker.java:66)
	at io.cucumber.java.Invoker.invoke(Invoker.java:24)
	at io.cucumber.java.AbstractGlueDefinition.invokeMethod(AbstractGlueDefinition.java:47)
	at io.cucumber.java.JavaStepDefinition.execute(JavaStepDefinition.java:29)
	at io.cucumber.core.runner.CoreStepDefinition.execute(CoreStepDefinition.java:66)
	at io.cucumber.core.runner.PickleStepDefinitionMatch.runStep(PickleStepDefinitionMatch.java:63)
	at io.cucumber.core.runner.ExecutionMode$1.execute(ExecutionMode.java:10)
	at io.cucumber.core.runner.TestStep.executeStep(TestStep.java:86)
	at io.cucumber.core.runner.TestStep.run(TestStep.java:57)
	at io.cucumber.core.runner.PickleStepTestStep.run(PickleStepTestStep.java:51)
	at io.cucumber.core.runner.TestCase.run(TestCase.java:95)
	at io.cucumber.core.runner.Runner.runPickle(Runner.java:75)
	at io.cucumber.testng.TestNGCucumberRunner.lambda$runScenario$1(TestNGCucumberRunner.java:132)
	at io.cucumber.core.runtime.CucumberExecutionContext.lambda$runTestCase$3(CucumberExecutionContext.java:151)
	at io.cucumber.core.runtime.RethrowingThrowableCollector.executeAndThrow(RethrowingThrowableCollector.java:23)
	at io.cucumber.core.runtime.CucumberExecutionContext.runTestCase(CucumberExecutionContext.java:151)
	at io.cucumber.testng.TestNGCucumberRunner.runScenario(TestNGCucumberRunner.java:129)
	at io.cucumber.testng.AbstractTestNGCucumberTests.runScenario(AbstractTestNGCucumberTests.java:35)
	at java.base/java.util.ArrayList.forEach(ArrayList.java:1596)
... Removed 32 stack frames
</div> <!-- stack-trace -->
                  <em>
(Runs Cucumber Scenarios)                  </em>
                </div> <!-- method-content -->
              </div> <!-- method -->
              <div class="method">
                <div class="method-content">
                  <a name="runScenario(&quot;Verify user should not be able to submit invalid Phone Number : &quot;!@£$%^&amp;*%^&amp;*&quot;&quot;, &quot;User should be ab...)">
                  </a> <!-- runScenario("Verify user should not be able to submit invalid Phone Number : "!@£$%^&*%^&*"", "User should be ab...) -->
                  <span class="method-name">runScenario</span>
                  <span class="parameters">("Verify user should not be able to submit invalid Phone Number : "!@£$%^&*%^&*"","User should be able to submit contact us request")</span>
                  <div class="stack-trace">com.microsoft.playwright.TimeoutError: Error {
  message=&apos;Timeout 30000ms exceeded.
  name=&apos;TimeoutError
  stack=&apos;TimeoutError: Timeout 30000ms exceeded.
    at ProgressController.run (/private/var/folders/m8/d_ml1jqs5rdf6m9md2pykmkh0000gn/T/playwright-java-4336040391069677089/package/lib/server/progress.js:87:26)
    at Frame._callOnElementOnceMatches (/private/var/folders/m8/d_ml1jqs5rdf6m9md2pykmkh0000gn/T/playwright-java-4336040391069677089/package/lib/server/frames.js:1399:23)
    at Frame.textContent (/private/var/folders/m8/d_ml1jqs5rdf6m9md2pykmkh0000gn/T/playwright-java-4336040391069677089/package/lib/server/frames.js:1056:17)
    at FrameDispatcher.textContent (/private/var/folders/m8/d_ml1jqs5rdf6m9md2pykmkh0000gn/T/playwright-java-4336040391069677089/package/lib/server/dispatchers/frameDispatcher.js:179:37)
    at FrameDispatcher._handleCommand (/private/var/folders/m8/d_ml1jqs5rdf6m9md2pykmkh0000gn/T/playwright-java-4336040391069677089/package/lib/server/dispatchers/dispatcher.js:94:40)
    at DispatcherConnection.dispatch (/private/var/folders/m8/d_ml1jqs5rdf6m9md2pykmkh0000gn/T/playwright-java-4336040391069677089/package/lib/server/dispatchers/dispatcher.js:362:39)
}
Call log:
- waiting for locator(&quot;.alert&quot;)

	at com.microsoft.playwright.impl.WaitableResult.get(WaitableResult.java:52)
	at com.microsoft.playwright.impl.ChannelOwner.runUntil(ChannelOwner.java:120)
	at com.microsoft.playwright.impl.Connection.sendMessage(Connection.java:129)
	at com.microsoft.playwright.impl.ChannelOwner.sendMessage(ChannelOwner.java:106)
	at com.microsoft.playwright.impl.FrameImpl.textContentImpl(FrameImpl.java:818)
	at com.microsoft.playwright.impl.FrameImpl.lambda$textContent$38(FrameImpl.java:809)
	at com.microsoft.playwright.impl.LoggingSupport.withLogging(LoggingSupport.java:47)
	at com.microsoft.playwright.impl.ChannelOwner.withLogging(ChannelOwner.java:89)
	at com.microsoft.playwright.impl.FrameImpl.textContent(FrameImpl.java:809)
	at com.microsoft.playwright.impl.LocatorImpl.textContent(LocatorImpl.java:566)
	at com.microsoft.playwright.Locator.textContent(Locator.java:5090)
	at com.test.roku.utils.AssertionUtils.assertEquals(AssertionUtils.java:15)
	at com.test.roku.steps.ContactUsPageAssertions.assertErrorDisplayedForInvalidFormat(ContactUsPageAssertions.java:168)
	at com.test.roku.steps.ContactUsSteps.userShouldBeDisplayedInvalidFormatErrorMessage(ContactUsSteps.java:141)
	at ✽.User should be displayed invalid &quot;Phone&quot; format error message(file:///Users/sanju/Desktop/PlaywightJavaWorkSpace/PlayWrightJavaAutomation/src/test/java/features/contactUs.feature:87)
Caused by: com.microsoft.playwright.TimeoutError: Error {
  message=&apos;Timeout 30000ms exceeded.
  name=&apos;TimeoutError
  stack=&apos;TimeoutError: Timeout 30000ms exceeded.
    at ProgressController.run (/private/var/folders/m8/d_ml1jqs5rdf6m9md2pykmkh0000gn/T/playwright-java-4336040391069677089/package/lib/server/progress.js:87:26)
    at Frame._callOnElementOnceMatches (/private/var/folders/m8/d_ml1jqs5rdf6m9md2pykmkh0000gn/T/playwright-java-4336040391069677089/package/lib/server/frames.js:1399:23)
    at Frame.textContent (/private/var/folders/m8/d_ml1jqs5rdf6m9md2pykmkh0000gn/T/playwright-java-4336040391069677089/package/lib/server/frames.js:1056:17)
    at FrameDispatcher.textContent (/private/var/folders/m8/d_ml1jqs5rdf6m9md2pykmkh0000gn/T/playwright-java-4336040391069677089/package/lib/server/dispatchers/frameDispatcher.js:179:37)
    at FrameDispatcher._handleCommand (/private/var/folders/m8/d_ml1jqs5rdf6m9md2pykmkh0000gn/T/playwright-java-4336040391069677089/package/lib/server/dispatchers/dispatcher.js:94:40)
    at DispatcherConnection.dispatch (/private/var/folders/m8/d_ml1jqs5rdf6m9md2pykmkh0000gn/T/playwright-java-4336040391069677089/package/lib/server/dispatchers/dispatcher.js:362:39)
}
Call log:
- waiting for locator(&quot;.alert&quot;)

	at com.microsoft.playwright.impl.Connection.dispatch(Connection.java:254)
	at com.microsoft.playwright.impl.Connection.processOneMessage(Connection.java:209)
	at com.microsoft.playwright.impl.ChannelOwner.runUntil(ChannelOwner.java:118)
	at com.microsoft.playwright.impl.Connection.sendMessage(Connection.java:129)
	at com.microsoft.playwright.impl.ChannelOwner.sendMessage(ChannelOwner.java:106)
	at com.microsoft.playwright.impl.FrameImpl.textContentImpl(FrameImpl.java:818)
	at com.microsoft.playwright.impl.FrameImpl.lambda$textContent$38(FrameImpl.java:809)
	at com.microsoft.playwright.impl.LoggingSupport.withLogging(LoggingSupport.java:47)
	at com.microsoft.playwright.impl.ChannelOwner.withLogging(ChannelOwner.java:89)
	at com.microsoft.playwright.impl.FrameImpl.textContent(FrameImpl.java:809)
	at com.microsoft.playwright.impl.LocatorImpl.textContent(LocatorImpl.java:566)
	at com.microsoft.playwright.Locator.textContent(Locator.java:5090)
	at com.test.roku.utils.AssertionUtils.assertEquals(AssertionUtils.java:15)
	at com.test.roku.steps.ContactUsPageAssertions.assertErrorDisplayedForInvalidFormat(ContactUsPageAssertions.java:168)
	at com.test.roku.steps.ContactUsSteps.userShouldBeDisplayedInvalidFormatErrorMessage(ContactUsSteps.java:141)
	at io.cucumber.java.Invoker.doInvoke(Invoker.java:66)
	at io.cucumber.java.Invoker.invoke(Invoker.java:24)
	at io.cucumber.java.AbstractGlueDefinition.invokeMethod(AbstractGlueDefinition.java:47)
	at io.cucumber.java.JavaStepDefinition.execute(JavaStepDefinition.java:29)
	at io.cucumber.core.runner.CoreStepDefinition.execute(CoreStepDefinition.java:66)
	at io.cucumber.core.runner.PickleStepDefinitionMatch.runStep(PickleStepDefinitionMatch.java:63)
	at io.cucumber.core.runner.ExecutionMode$1.execute(ExecutionMode.java:10)
	at io.cucumber.core.runner.TestStep.executeStep(TestStep.java:86)
	at io.cucumber.core.runner.TestStep.run(TestStep.java:57)
	at io.cucumber.core.runner.PickleStepTestStep.run(PickleStepTestStep.java:51)
	at io.cucumber.core.runner.TestCase.run(TestCase.java:95)
	at io.cucumber.core.runner.Runner.runPickle(Runner.java:75)
	at io.cucumber.testng.TestNGCucumberRunner.lambda$runScenario$1(TestNGCucumberRunner.java:132)
	at io.cucumber.core.runtime.CucumberExecutionContext.lambda$runTestCase$3(CucumberExecutionContext.java:151)
	at io.cucumber.core.runtime.RethrowingThrowableCollector.executeAndThrow(RethrowingThrowableCollector.java:23)
	at io.cucumber.core.runtime.CucumberExecutionContext.runTestCase(CucumberExecutionContext.java:151)
	at io.cucumber.testng.TestNGCucumberRunner.runScenario(TestNGCucumberRunner.java:129)
	at io.cucumber.testng.AbstractTestNGCucumberTests.runScenario(AbstractTestNGCucumberTests.java:35)
	at java.base/java.util.ArrayList.forEach(ArrayList.java:1596)
... Removed 32 stack frames
</div> <!-- stack-trace -->
                  <em>
(Runs Cucumber Scenarios)                  </em>
                </div> <!-- method-content -->
              </div> <!-- method -->
              <div class="method">
                <div class="method-content">
                  <a name="runScenario(&quot;Verify user should not be able to submit invalid Name : &quot;123456789&quot;&quot;, &quot;User should be able to submi...)">
                  </a> <!-- runScenario("Verify user should not be able to submit invalid Name : "123456789"", "User should be able to submi...) -->
                  <span class="method-name">runScenario</span>
                  <span class="parameters">("Verify user should not be able to submit invalid Name : "123456789"","User should be able to submit contact us request")</span>
                  <div class="stack-trace">com.microsoft.playwright.TimeoutError: Error {
  message=&apos;Timeout 30000ms exceeded.
  name=&apos;TimeoutError
  stack=&apos;TimeoutError: Timeout 30000ms exceeded.
    at ProgressController.run (/private/var/folders/m8/d_ml1jqs5rdf6m9md2pykmkh0000gn/T/playwright-java-4336040391069677089/package/lib/server/progress.js:87:26)
    at Frame._callOnElementOnceMatches (/private/var/folders/m8/d_ml1jqs5rdf6m9md2pykmkh0000gn/T/playwright-java-4336040391069677089/package/lib/server/frames.js:1399:23)
    at Frame.textContent (/private/var/folders/m8/d_ml1jqs5rdf6m9md2pykmkh0000gn/T/playwright-java-4336040391069677089/package/lib/server/frames.js:1056:17)
    at FrameDispatcher.textContent (/private/var/folders/m8/d_ml1jqs5rdf6m9md2pykmkh0000gn/T/playwright-java-4336040391069677089/package/lib/server/dispatchers/frameDispatcher.js:179:37)
    at FrameDispatcher._handleCommand (/private/var/folders/m8/d_ml1jqs5rdf6m9md2pykmkh0000gn/T/playwright-java-4336040391069677089/package/lib/server/dispatchers/dispatcher.js:94:40)
    at DispatcherConnection.dispatch (/private/var/folders/m8/d_ml1jqs5rdf6m9md2pykmkh0000gn/T/playwright-java-4336040391069677089/package/lib/server/dispatchers/dispatcher.js:362:39)
}
Call log:
- waiting for locator(&quot;.alert&quot;)

	at com.microsoft.playwright.impl.WaitableResult.get(WaitableResult.java:52)
	at com.microsoft.playwright.impl.ChannelOwner.runUntil(ChannelOwner.java:120)
	at com.microsoft.playwright.impl.Connection.sendMessage(Connection.java:129)
	at com.microsoft.playwright.impl.ChannelOwner.sendMessage(ChannelOwner.java:106)
	at com.microsoft.playwright.impl.FrameImpl.textContentImpl(FrameImpl.java:818)
	at com.microsoft.playwright.impl.FrameImpl.lambda$textContent$38(FrameImpl.java:809)
	at com.microsoft.playwright.impl.LoggingSupport.withLogging(LoggingSupport.java:47)
	at com.microsoft.playwright.impl.ChannelOwner.withLogging(ChannelOwner.java:89)
	at com.microsoft.playwright.impl.FrameImpl.textContent(FrameImpl.java:809)
	at com.microsoft.playwright.impl.LocatorImpl.textContent(LocatorImpl.java:566)
	at com.microsoft.playwright.Locator.textContent(Locator.java:5090)
	at com.test.roku.utils.AssertionUtils.assertEquals(AssertionUtils.java:15)
	at com.test.roku.steps.ContactUsPageAssertions.assertErrorDisplayedForInvalidFormat(ContactUsPageAssertions.java:168)
	at com.test.roku.steps.ContactUsSteps.userShouldBeDisplayedInvalidFormatErrorMessage(ContactUsSteps.java:141)
	at ✽.User should be displayed invalid &quot;Name&quot; format error message(file:///Users/sanju/Desktop/PlaywightJavaWorkSpace/PlayWrightJavaAutomation/src/test/java/features/contactUs.feature:60)
Caused by: com.microsoft.playwright.TimeoutError: Error {
  message=&apos;Timeout 30000ms exceeded.
  name=&apos;TimeoutError
  stack=&apos;TimeoutError: Timeout 30000ms exceeded.
    at ProgressController.run (/private/var/folders/m8/d_ml1jqs5rdf6m9md2pykmkh0000gn/T/playwright-java-4336040391069677089/package/lib/server/progress.js:87:26)
    at Frame._callOnElementOnceMatches (/private/var/folders/m8/d_ml1jqs5rdf6m9md2pykmkh0000gn/T/playwright-java-4336040391069677089/package/lib/server/frames.js:1399:23)
    at Frame.textContent (/private/var/folders/m8/d_ml1jqs5rdf6m9md2pykmkh0000gn/T/playwright-java-4336040391069677089/package/lib/server/frames.js:1056:17)
    at FrameDispatcher.textContent (/private/var/folders/m8/d_ml1jqs5rdf6m9md2pykmkh0000gn/T/playwright-java-4336040391069677089/package/lib/server/dispatchers/frameDispatcher.js:179:37)
    at FrameDispatcher._handleCommand (/private/var/folders/m8/d_ml1jqs5rdf6m9md2pykmkh0000gn/T/playwright-java-4336040391069677089/package/lib/server/dispatchers/dispatcher.js:94:40)
    at DispatcherConnection.dispatch (/private/var/folders/m8/d_ml1jqs5rdf6m9md2pykmkh0000gn/T/playwright-java-4336040391069677089/package/lib/server/dispatchers/dispatcher.js:362:39)
}
Call log:
- waiting for locator(&quot;.alert&quot;)

	at com.microsoft.playwright.impl.Connection.dispatch(Connection.java:254)
	at com.microsoft.playwright.impl.Connection.processOneMessage(Connection.java:209)
	at com.microsoft.playwright.impl.ChannelOwner.runUntil(ChannelOwner.java:118)
	at com.microsoft.playwright.impl.Connection.sendMessage(Connection.java:129)
	at com.microsoft.playwright.impl.ChannelOwner.sendMessage(ChannelOwner.java:106)
	at com.microsoft.playwright.impl.FrameImpl.textContentImpl(FrameImpl.java:818)
	at com.microsoft.playwright.impl.FrameImpl.lambda$textContent$38(FrameImpl.java:809)
	at com.microsoft.playwright.impl.LoggingSupport.withLogging(LoggingSupport.java:47)
	at com.microsoft.playwright.impl.ChannelOwner.withLogging(ChannelOwner.java:89)
	at com.microsoft.playwright.impl.FrameImpl.textContent(FrameImpl.java:809)
	at com.microsoft.playwright.impl.LocatorImpl.textContent(LocatorImpl.java:566)
	at com.microsoft.playwright.Locator.textContent(Locator.java:5090)
	at com.test.roku.utils.AssertionUtils.assertEquals(AssertionUtils.java:15)
	at com.test.roku.steps.ContactUsPageAssertions.assertErrorDisplayedForInvalidFormat(ContactUsPageAssertions.java:168)
	at com.test.roku.steps.ContactUsSteps.userShouldBeDisplayedInvalidFormatErrorMessage(ContactUsSteps.java:141)
	at io.cucumber.java.Invoker.doInvoke(Invoker.java:66)
	at io.cucumber.java.Invoker.invoke(Invoker.java:24)
	at io.cucumber.java.AbstractGlueDefinition.invokeMethod(AbstractGlueDefinition.java:47)
	at io.cucumber.java.JavaStepDefinition.execute(JavaStepDefinition.java:29)
	at io.cucumber.core.runner.CoreStepDefinition.execute(CoreStepDefinition.java:66)
	at io.cucumber.core.runner.PickleStepDefinitionMatch.runStep(PickleStepDefinitionMatch.java:63)
	at io.cucumber.core.runner.ExecutionMode$1.execute(ExecutionMode.java:10)
	at io.cucumber.core.runner.TestStep.executeStep(TestStep.java:86)
	at io.cucumber.core.runner.TestStep.run(TestStep.java:57)
	at io.cucumber.core.runner.PickleStepTestStep.run(PickleStepTestStep.java:51)
	at io.cucumber.core.runner.TestCase.run(TestCase.java:95)
	at io.cucumber.core.runner.Runner.runPickle(Runner.java:75)
	at io.cucumber.testng.TestNGCucumberRunner.lambda$runScenario$1(TestNGCucumberRunner.java:132)
	at io.cucumber.core.runtime.CucumberExecutionContext.lambda$runTestCase$3(CucumberExecutionContext.java:151)
	at io.cucumber.core.runtime.RethrowingThrowableCollector.executeAndThrow(RethrowingThrowableCollector.java:23)
	at io.cucumber.core.runtime.CucumberExecutionContext.runTestCase(CucumberExecutionContext.java:151)
	at io.cucumber.testng.TestNGCucumberRunner.runScenario(TestNGCucumberRunner.java:129)
	at io.cucumber.testng.AbstractTestNGCucumberTests.runScenario(AbstractTestNGCucumberTests.java:35)
	at java.base/java.util.ArrayList.forEach(ArrayList.java:1596)
... Removed 32 stack frames
</div> <!-- stack-trace -->
                  <em>
(Runs Cucumber Scenarios)                  </em>
                </div> <!-- method-content -->
              </div> <!-- method -->
              <div class="method">
                <div class="method-content">
                  <a name="runScenario(&quot;Verify user should not be able to submit invalid Phone Number : &quot;stringWith42353254&quot;&quot;, &quot;User should...)">
                  </a> <!-- runScenario("Verify user should not be able to submit invalid Phone Number : "stringWith42353254"", "User should...) -->
                  <span class="method-name">runScenario</span>
                  <span class="parameters">("Verify user should not be able to submit invalid Phone Number : "stringWith42353254"","User should be able to submit contact us request")</span>
                  <div class="stack-trace">com.microsoft.playwright.TimeoutError: Error {
  message=&apos;Timeout 30000ms exceeded.
  name=&apos;TimeoutError
  stack=&apos;TimeoutError: Timeout 30000ms exceeded.
    at ProgressController.run (/private/var/folders/m8/d_ml1jqs5rdf6m9md2pykmkh0000gn/T/playwright-java-4336040391069677089/package/lib/server/progress.js:87:26)
    at Frame._callOnElementOnceMatches (/private/var/folders/m8/d_ml1jqs5rdf6m9md2pykmkh0000gn/T/playwright-java-4336040391069677089/package/lib/server/frames.js:1399:23)
    at Frame.textContent (/private/var/folders/m8/d_ml1jqs5rdf6m9md2pykmkh0000gn/T/playwright-java-4336040391069677089/package/lib/server/frames.js:1056:17)
    at FrameDispatcher.textContent (/private/var/folders/m8/d_ml1jqs5rdf6m9md2pykmkh0000gn/T/playwright-java-4336040391069677089/package/lib/server/dispatchers/frameDispatcher.js:179:37)
    at FrameDispatcher._handleCommand (/private/var/folders/m8/d_ml1jqs5rdf6m9md2pykmkh0000gn/T/playwright-java-4336040391069677089/package/lib/server/dispatchers/dispatcher.js:94:40)
    at DispatcherConnection.dispatch (/private/var/folders/m8/d_ml1jqs5rdf6m9md2pykmkh0000gn/T/playwright-java-4336040391069677089/package/lib/server/dispatchers/dispatcher.js:362:39)
}
Call log:
- waiting for locator(&quot;.alert&quot;)

	at com.microsoft.playwright.impl.WaitableResult.get(WaitableResult.java:52)
	at com.microsoft.playwright.impl.ChannelOwner.runUntil(ChannelOwner.java:120)
	at com.microsoft.playwright.impl.Connection.sendMessage(Connection.java:129)
	at com.microsoft.playwright.impl.ChannelOwner.sendMessage(ChannelOwner.java:106)
	at com.microsoft.playwright.impl.FrameImpl.textContentImpl(FrameImpl.java:818)
	at com.microsoft.playwright.impl.FrameImpl.lambda$textContent$38(FrameImpl.java:809)
	at com.microsoft.playwright.impl.LoggingSupport.withLogging(LoggingSupport.java:47)
	at com.microsoft.playwright.impl.ChannelOwner.withLogging(ChannelOwner.java:89)
	at com.microsoft.playwright.impl.FrameImpl.textContent(FrameImpl.java:809)
	at com.microsoft.playwright.impl.LocatorImpl.textContent(LocatorImpl.java:566)
	at com.microsoft.playwright.Locator.textContent(Locator.java:5090)
	at com.test.roku.utils.AssertionUtils.assertEquals(AssertionUtils.java:15)
	at com.test.roku.steps.ContactUsPageAssertions.assertErrorDisplayedForInvalidFormat(ContactUsPageAssertions.java:168)
	at com.test.roku.steps.ContactUsSteps.userShouldBeDisplayedInvalidFormatErrorMessage(ContactUsSteps.java:141)
	at ✽.User should be displayed invalid &quot;Phone&quot; format error message(file:///Users/sanju/Desktop/PlaywightJavaWorkSpace/PlayWrightJavaAutomation/src/test/java/features/contactUs.feature:87)
Caused by: com.microsoft.playwright.TimeoutError: Error {
  message=&apos;Timeout 30000ms exceeded.
  name=&apos;TimeoutError
  stack=&apos;TimeoutError: Timeout 30000ms exceeded.
    at ProgressController.run (/private/var/folders/m8/d_ml1jqs5rdf6m9md2pykmkh0000gn/T/playwright-java-4336040391069677089/package/lib/server/progress.js:87:26)
    at Frame._callOnElementOnceMatches (/private/var/folders/m8/d_ml1jqs5rdf6m9md2pykmkh0000gn/T/playwright-java-4336040391069677089/package/lib/server/frames.js:1399:23)
    at Frame.textContent (/private/var/folders/m8/d_ml1jqs5rdf6m9md2pykmkh0000gn/T/playwright-java-4336040391069677089/package/lib/server/frames.js:1056:17)
    at FrameDispatcher.textContent (/private/var/folders/m8/d_ml1jqs5rdf6m9md2pykmkh0000gn/T/playwright-java-4336040391069677089/package/lib/server/dispatchers/frameDispatcher.js:179:37)
    at FrameDispatcher._handleCommand (/private/var/folders/m8/d_ml1jqs5rdf6m9md2pykmkh0000gn/T/playwright-java-4336040391069677089/package/lib/server/dispatchers/dispatcher.js:94:40)
    at DispatcherConnection.dispatch (/private/var/folders/m8/d_ml1jqs5rdf6m9md2pykmkh0000gn/T/playwright-java-4336040391069677089/package/lib/server/dispatchers/dispatcher.js:362:39)
}
Call log:
- waiting for locator(&quot;.alert&quot;)

	at com.microsoft.playwright.impl.Connection.dispatch(Connection.java:254)
	at com.microsoft.playwright.impl.Connection.processOneMessage(Connection.java:209)
	at com.microsoft.playwright.impl.ChannelOwner.runUntil(ChannelOwner.java:118)
	at com.microsoft.playwright.impl.Connection.sendMessage(Connection.java:129)
	at com.microsoft.playwright.impl.ChannelOwner.sendMessage(ChannelOwner.java:106)
	at com.microsoft.playwright.impl.FrameImpl.textContentImpl(FrameImpl.java:818)
	at com.microsoft.playwright.impl.FrameImpl.lambda$textContent$38(FrameImpl.java:809)
	at com.microsoft.playwright.impl.LoggingSupport.withLogging(LoggingSupport.java:47)
	at com.microsoft.playwright.impl.ChannelOwner.withLogging(ChannelOwner.java:89)
	at com.microsoft.playwright.impl.FrameImpl.textContent(FrameImpl.java:809)
	at com.microsoft.playwright.impl.LocatorImpl.textContent(LocatorImpl.java:566)
	at com.microsoft.playwright.Locator.textContent(Locator.java:5090)
	at com.test.roku.utils.AssertionUtils.assertEquals(AssertionUtils.java:15)
	at com.test.roku.steps.ContactUsPageAssertions.assertErrorDisplayedForInvalidFormat(ContactUsPageAssertions.java:168)
	at com.test.roku.steps.ContactUsSteps.userShouldBeDisplayedInvalidFormatErrorMessage(ContactUsSteps.java:141)
	at io.cucumber.java.Invoker.doInvoke(Invoker.java:66)
	at io.cucumber.java.Invoker.invoke(Invoker.java:24)
	at io.cucumber.java.AbstractGlueDefinition.invokeMethod(AbstractGlueDefinition.java:47)
	at io.cucumber.java.JavaStepDefinition.execute(JavaStepDefinition.java:29)
	at io.cucumber.core.runner.CoreStepDefinition.execute(CoreStepDefinition.java:66)
	at io.cucumber.core.runner.PickleStepDefinitionMatch.runStep(PickleStepDefinitionMatch.java:63)
	at io.cucumber.core.runner.ExecutionMode$1.execute(ExecutionMode.java:10)
	at io.cucumber.core.runner.TestStep.executeStep(TestStep.java:86)
	at io.cucumber.core.runner.TestStep.run(TestStep.java:57)
	at io.cucumber.core.runner.PickleStepTestStep.run(PickleStepTestStep.java:51)
	at io.cucumber.core.runner.TestCase.run(TestCase.java:95)
	at io.cucumber.core.runner.Runner.runPickle(Runner.java:75)
	at io.cucumber.testng.TestNGCucumberRunner.lambda$runScenario$1(TestNGCucumberRunner.java:132)
	at io.cucumber.core.runtime.CucumberExecutionContext.lambda$runTestCase$3(CucumberExecutionContext.java:151)
	at io.cucumber.core.runtime.RethrowingThrowableCollector.executeAndThrow(RethrowingThrowableCollector.java:23)
	at io.cucumber.core.runtime.CucumberExecutionContext.runTestCase(CucumberExecutionContext.java:151)
	at io.cucumber.testng.TestNGCucumberRunner.runScenario(TestNGCucumberRunner.java:129)
	at io.cucumber.testng.AbstractTestNGCucumberTests.runScenario(AbstractTestNGCucumberTests.java:35)
	at java.base/java.util.ArrayList.forEach(ArrayList.java:1596)
... Removed 32 stack frames
</div> <!-- stack-trace -->
                  <em>
(Runs Cucumber Scenarios)                  </em>
                </div> <!-- method-content -->
              </div> <!-- method -->
              <div class="method">
                <div class="method-content">
                  <a name="runScenario(&quot;Verify user should be displayed the field specific icons&quot;, &quot;User should be able to submit contact u...)">
                  </a> <!-- runScenario("Verify user should be displayed the field specific icons", "User should be able to submit contact u...) -->
                  <span class="method-name">runScenario</span>
                  <span class="parameters">("Verify user should be displayed the field specific icons","User should be able to submit contact us request")</span>
                  <div class="stack-trace">com.microsoft.playwright.PlaywrightException: Error {
  message=&apos;Error: strict mode violation: locator(&quot;//span[@class=&apos;fa fa-phone&apos;]&quot;) resolved to 2 elements:
    1) &lt;span class=&quot;fa fa-phone&quot;&gt;&lt;/span&gt; aka locator(&quot;div:nth-child(3) &gt; .input-group-prepend &gt; #basic-addon1 &gt; .fa&quot;)
    2) &lt;span class=&quot;fa fa-phone&quot;&gt;&lt;/span&gt; aka locator(&quot;p&quot;).filter(new Locator.FilterOptions().setHasText(&quot;012345678901&quot;)).locator(&quot;span&quot;)

  name=&apos;Error
  stack=&apos;Error: Error: strict mode violation: locator(&quot;//span[@class=&apos;fa fa-phone&apos;]&quot;) resolved to 2 elements:
    1) &lt;span class=&quot;fa fa-phone&quot;&gt;&lt;/span&gt; aka locator(&quot;div:nth-child(3) &gt; .input-group-prepend &gt; #basic-addon1 &gt; .fa&quot;)
    2) &lt;span class=&quot;fa fa-phone&quot;&gt;&lt;/span&gt; aka locator(&quot;p&quot;).filter(new Locator.FilterOptions().setHasText(&quot;012345678901&quot;)).locator(&quot;span&quot;)

    at CRExecutionContext.evaluateWithArguments (/private/var/folders/m8/d_ml1jqs5rdf6m9md2pykmkh0000gn/T/playwright-java-4336040391069677089/package/lib/server/chromium/crExecutionContext.js:92:33)
    at async LongStandingScope._race (/private/var/folders/m8/d_ml1jqs5rdf6m9md2pykmkh0000gn/T/playwright-java-4336040391069677089/package/lib/utils/manualPromise.js:96:14)
    at async evaluateExpression (/private/var/folders/m8/d_ml1jqs5rdf6m9md2pykmkh0000gn/T/playwright-java-4336040391069677089/package/lib/server/javascript.js:241:12)
    at async /private/var/folders/m8/d_ml1jqs5rdf6m9md2pykmkh0000gn/T/playwright-java-4336040391069677089/package/lib/server/frames.js:1113:14
    at async ProgressController.run (/private/var/folders/m8/d_ml1jqs5rdf6m9md2pykmkh0000gn/T/playwright-java-4336040391069677089/package/lib/server/progress.js:91:22)
    at async FrameDispatcher.isVisible (/private/var/folders/m8/d_ml1jqs5rdf6m9md2pykmkh0000gn/T/playwright-java-4336040391069677089/package/lib/server/dispatchers/frameDispatcher.js:233:14)
    at async LongStandingScope._race (/private/var/folders/m8/d_ml1jqs5rdf6m9md2pykmkh0000gn/T/playwright-java-4336040391069677089/package/lib/utils/manualPromise.js:96:14)
    at async FrameDispatcher._handleCommand (/private/var/folders/m8/d_ml1jqs5rdf6m9md2pykmkh0000gn/T/playwright-java-4336040391069677089/package/lib/server/dispatchers/dispatcher.js:96:14)
    at async DispatcherConnection.dispatch (/private/var/folders/m8/d_ml1jqs5rdf6m9md2pykmkh0000gn/T/playwright-java-4336040391069677089/package/lib/server/dispatchers/dispatcher.js:362:22)
}
Call log:
-   checking visibility of locator(&quot;//span[@class=&apos;fa fa-phone&apos;]&quot;)

	at com.microsoft.playwright.impl.WaitableResult.get(WaitableResult.java:54)
	at com.microsoft.playwright.impl.ChannelOwner.runUntil(ChannelOwner.java:120)
	at com.microsoft.playwright.impl.Connection.sendMessage(Connection.java:129)
	at com.microsoft.playwright.impl.ChannelOwner.sendMessage(ChannelOwner.java:106)
	at com.microsoft.playwright.impl.FrameImpl.isVisibleImpl(FrameImpl.java:641)
	at com.microsoft.playwright.impl.FrameImpl.lambda$isVisible$29(FrameImpl.java:627)
	at com.microsoft.playwright.impl.LoggingSupport.withLogging(LoggingSupport.java:47)
	at com.microsoft.playwright.impl.ChannelOwner.withLogging(ChannelOwner.java:89)
	at com.microsoft.playwright.impl.FrameImpl.isVisible(FrameImpl.java:627)
	at com.microsoft.playwright.impl.LocatorImpl.isVisible(LocatorImpl.java:391)
	at com.microsoft.playwright.Locator.isVisible(Locator.java:3948)
	at com.test.roku.utils.AssertionUtils.assertPresent(AssertionUtils.java:10)
	at com.test.roku.steps.ContactUsPageAssertions.assertTextBoxIconDisplayed(ContactUsPageAssertions.java:114)
	at com.test.roku.steps.ContactUsSteps.userShouldBeDisplayedIconNextToNameTextBox(ContactUsSteps.java:93)
	at ✽.User should be displayed &quot;phone&quot; next to relevant text box(file:///Users/sanju/Desktop/PlaywightJavaWorkSpace/PlayWrightJavaAutomation/src/test/java/features/contactUs.feature:8)
Caused by: com.microsoft.playwright.impl.DriverException: Error {
  message=&apos;Error: strict mode violation: locator(&quot;//span[@class=&apos;fa fa-phone&apos;]&quot;) resolved to 2 elements:
    1) &lt;span class=&quot;fa fa-phone&quot;&gt;&lt;/span&gt; aka locator(&quot;div:nth-child(3) &gt; .input-group-prepend &gt; #basic-addon1 &gt; .fa&quot;)
    2) &lt;span class=&quot;fa fa-phone&quot;&gt;&lt;/span&gt; aka locator(&quot;p&quot;).filter(new Locator.FilterOptions().setHasText(&quot;012345678901&quot;)).locator(&quot;span&quot;)

  name=&apos;Error
  stack=&apos;Error: Error: strict mode violation: locator(&quot;//span[@class=&apos;fa fa-phone&apos;]&quot;) resolved to 2 elements:
    1) &lt;span class=&quot;fa fa-phone&quot;&gt;&lt;/span&gt; aka locator(&quot;div:nth-child(3) &gt; .input-group-prepend &gt; #basic-addon1 &gt; .fa&quot;)
    2) &lt;span class=&quot;fa fa-phone&quot;&gt;&lt;/span&gt; aka locator(&quot;p&quot;).filter(new Locator.FilterOptions().setHasText(&quot;012345678901&quot;)).locator(&quot;span&quot;)

    at CRExecutionContext.evaluateWithArguments (/private/var/folders/m8/d_ml1jqs5rdf6m9md2pykmkh0000gn/T/playwright-java-4336040391069677089/package/lib/server/chromium/crExecutionContext.js:92:33)
    at async LongStandingScope._race (/private/var/folders/m8/d_ml1jqs5rdf6m9md2pykmkh0000gn/T/playwright-java-4336040391069677089/package/lib/utils/manualPromise.js:96:14)
    at async evaluateExpression (/private/var/folders/m8/d_ml1jqs5rdf6m9md2pykmkh0000gn/T/playwright-java-4336040391069677089/package/lib/server/javascript.js:241:12)
    at async /private/var/folders/m8/d_ml1jqs5rdf6m9md2pykmkh0000gn/T/playwright-java-4336040391069677089/package/lib/server/frames.js:1113:14
    at async ProgressController.run (/private/var/folders/m8/d_ml1jqs5rdf6m9md2pykmkh0000gn/T/playwright-java-4336040391069677089/package/lib/server/progress.js:91:22)
    at async FrameDispatcher.isVisible (/private/var/folders/m8/d_ml1jqs5rdf6m9md2pykmkh0000gn/T/playwright-java-4336040391069677089/package/lib/server/dispatchers/frameDispatcher.js:233:14)
    at async LongStandingScope._race (/private/var/folders/m8/d_ml1jqs5rdf6m9md2pykmkh0000gn/T/playwright-java-4336040391069677089/package/lib/utils/manualPromise.js:96:14)
    at async FrameDispatcher._handleCommand (/private/var/folders/m8/d_ml1jqs5rdf6m9md2pykmkh0000gn/T/playwright-java-4336040391069677089/package/lib/server/dispatchers/dispatcher.js:96:14)
    at async DispatcherConnection.dispatch (/private/var/folders/m8/d_ml1jqs5rdf6m9md2pykmkh0000gn/T/playwright-java-4336040391069677089/package/lib/server/dispatchers/dispatcher.js:362:22)
}
Call log:
-   checking visibility of locator(&quot;//span[@class=&apos;fa fa-phone&apos;]&quot;)

	at com.microsoft.playwright.impl.Connection.dispatch(Connection.java:259)
	at com.microsoft.playwright.impl.Connection.processOneMessage(Connection.java:209)
	at com.microsoft.playwright.impl.ChannelOwner.runUntil(ChannelOwner.java:118)
	at com.microsoft.playwright.impl.Connection.sendMessage(Connection.java:129)
	at com.microsoft.playwright.impl.ChannelOwner.sendMessage(ChannelOwner.java:106)
	at com.microsoft.playwright.impl.FrameImpl.isVisibleImpl(FrameImpl.java:641)
	at com.microsoft.playwright.impl.FrameImpl.lambda$isVisible$29(FrameImpl.java:627)
	at com.microsoft.playwright.impl.LoggingSupport.withLogging(LoggingSupport.java:47)
	at com.microsoft.playwright.impl.ChannelOwner.withLogging(ChannelOwner.java:89)
	at com.microsoft.playwright.impl.FrameImpl.isVisible(FrameImpl.java:627)
	at com.microsoft.playwright.impl.LocatorImpl.isVisible(LocatorImpl.java:391)
	at com.microsoft.playwright.Locator.isVisible(Locator.java:3948)
	at com.test.roku.utils.AssertionUtils.assertPresent(AssertionUtils.java:10)
	at com.test.roku.steps.ContactUsPageAssertions.assertTextBoxIconDisplayed(ContactUsPageAssertions.java:114)
	at com.test.roku.steps.ContactUsSteps.userShouldBeDisplayedIconNextToNameTextBox(ContactUsSteps.java:93)
	at io.cucumber.java.Invoker.doInvoke(Invoker.java:66)
	at io.cucumber.java.Invoker.invoke(Invoker.java:24)
	at io.cucumber.java.AbstractGlueDefinition.invokeMethod(AbstractGlueDefinition.java:47)
	at io.cucumber.java.JavaStepDefinition.execute(JavaStepDefinition.java:29)
	at io.cucumber.core.runner.CoreStepDefinition.execute(CoreStepDefinition.java:66)
	at io.cucumber.core.runner.PickleStepDefinitionMatch.runStep(PickleStepDefinitionMatch.java:63)
	at io.cucumber.core.runner.ExecutionMode$1.execute(ExecutionMode.java:10)
	at io.cucumber.core.runner.TestStep.executeStep(TestStep.java:86)
	at io.cucumber.core.runner.TestStep.run(TestStep.java:57)
	at io.cucumber.core.runner.PickleStepTestStep.run(PickleStepTestStep.java:51)
	at io.cucumber.core.runner.TestCase.run(TestCase.java:95)
	at io.cucumber.core.runner.Runner.runPickle(Runner.java:75)
	at io.cucumber.testng.TestNGCucumberRunner.lambda$runScenario$1(TestNGCucumberRunner.java:132)
	at io.cucumber.core.runtime.CucumberExecutionContext.lambda$runTestCase$3(CucumberExecutionContext.java:151)
	at io.cucumber.core.runtime.RethrowingThrowableCollector.executeAndThrow(RethrowingThrowableCollector.java:23)
	at io.cucumber.core.runtime.CucumberExecutionContext.runTestCase(CucumberExecutionContext.java:151)
	at io.cucumber.testng.TestNGCucumberRunner.runScenario(TestNGCucumberRunner.java:129)
	at io.cucumber.testng.AbstractTestNGCucumberTests.runScenario(AbstractTestNGCucumberTests.java:35)
	at java.base/java.util.ArrayList.forEach(ArrayList.java:1596)
... Removed 32 stack frames
</div> <!-- stack-trace -->
                  <em>
(Runs Cucumber Scenarios)                  </em>
                </div> <!-- method-content -->
              </div> <!-- method -->
              <div class="method">
                <div class="method-content">
                  <a name="runScenario(&quot;Verify user should be displayed the message filed caption&quot;, &quot;User should be able to submit contact ...)">
                  </a> <!-- runScenario("Verify user should be displayed the message filed caption", "User should be able to submit contact ...) -->
                  <span class="method-name">runScenario</span>
                  <span class="parameters">("Verify user should be displayed the message filed caption","User should be able to submit contact us request")</span>
                  <div class="stack-trace">com.microsoft.playwright.PlaywrightException: Error {
  message=&apos;Error: strict mode violation: locator(&quot;//span[@class=&apos;input-group-text&apos;]&quot;) resolved to 5 elements:
    1) &lt;span id=&quot;basic-addon1&quot; class=&quot;input-group-text&quot;&gt;…&lt;/span&gt; aka locator(&quot;#basic-addon1&quot;).first()
    2) &lt;span id=&quot;basic-addon1&quot; class=&quot;input-group-text&quot;&gt;…&lt;/span&gt; aka locator(&quot;#basic-addon1&quot;).nth(1)
    3) &lt;span id=&quot;basic-addon1&quot; class=&quot;input-group-text&quot;&gt;…&lt;/span&gt; aka locator(&quot;#basic-addon1&quot;).nth(2)
    4) &lt;span id=&quot;basic-addon1&quot; class=&quot;input-group-text&quot;&gt;…&lt;/span&gt; aka locator(&quot;#basic-addon1&quot;).nth(3)
    5) &lt;span class=&quot;input-group-text&quot;&gt;Message&lt;/span&gt; aka getByText(&quot;Message&quot;)

  name=&apos;Error
  stack=&apos;Error: Error: strict mode violation: locator(&quot;//span[@class=&apos;input-group-text&apos;]&quot;) resolved to 5 elements:
    1) &lt;span id=&quot;basic-addon1&quot; class=&quot;input-group-text&quot;&gt;…&lt;/span&gt; aka locator(&quot;#basic-addon1&quot;).first()
    2) &lt;span id=&quot;basic-addon1&quot; class=&quot;input-group-text&quot;&gt;…&lt;/span&gt; aka locator(&quot;#basic-addon1&quot;).nth(1)
    3) &lt;span id=&quot;basic-addon1&quot; class=&quot;input-group-text&quot;&gt;…&lt;/span&gt; aka locator(&quot;#basic-addon1&quot;).nth(2)
    4) &lt;span id=&quot;basic-addon1&quot; class=&quot;input-group-text&quot;&gt;…&lt;/span&gt; aka locator(&quot;#basic-addon1&quot;).nth(3)
    5) &lt;span class=&quot;input-group-text&quot;&gt;Message&lt;/span&gt; aka getByText(&quot;Message&quot;)

    at CRExecutionContext.evaluateWithArguments (/private/var/folders/m8/d_ml1jqs5rdf6m9md2pykmkh0000gn/T/playwright-java-4336040391069677089/package/lib/server/chromium/crExecutionContext.js:92:33)
    at async LongStandingScope._race (/private/var/folders/m8/d_ml1jqs5rdf6m9md2pykmkh0000gn/T/playwright-java-4336040391069677089/package/lib/utils/manualPromise.js:96:14)
    at async evaluateExpression (/private/var/folders/m8/d_ml1jqs5rdf6m9md2pykmkh0000gn/T/playwright-java-4336040391069677089/package/lib/server/javascript.js:241:12)
    at async /private/var/folders/m8/d_ml1jqs5rdf6m9md2pykmkh0000gn/T/playwright-java-4336040391069677089/package/lib/server/frames.js:1113:14
    at async ProgressController.run (/private/var/folders/m8/d_ml1jqs5rdf6m9md2pykmkh0000gn/T/playwright-java-4336040391069677089/package/lib/server/progress.js:91:22)
    at async FrameDispatcher.isVisible (/private/var/folders/m8/d_ml1jqs5rdf6m9md2pykmkh0000gn/T/playwright-java-4336040391069677089/package/lib/server/dispatchers/frameDispatcher.js:233:14)
    at async LongStandingScope._race (/private/var/folders/m8/d_ml1jqs5rdf6m9md2pykmkh0000gn/T/playwright-java-4336040391069677089/package/lib/utils/manualPromise.js:96:14)
    at async FrameDispatcher._handleCommand (/private/var/folders/m8/d_ml1jqs5rdf6m9md2pykmkh0000gn/T/playwright-java-4336040391069677089/package/lib/server/dispatchers/dispatcher.js:96:14)
    at async DispatcherConnection.dispatch (/private/var/folders/m8/d_ml1jqs5rdf6m9md2pykmkh0000gn/T/playwright-java-4336040391069677089/package/lib/server/dispatchers/dispatcher.js:362:22)
}
Call log:
-   checking visibility of locator(&quot;//span[@class=&apos;input-group-text&apos;]&quot;)

	at com.microsoft.playwright.impl.WaitableResult.get(WaitableResult.java:54)
	at com.microsoft.playwright.impl.ChannelOwner.runUntil(ChannelOwner.java:120)
	at com.microsoft.playwright.impl.Connection.sendMessage(Connection.java:129)
	at com.microsoft.playwright.impl.ChannelOwner.sendMessage(ChannelOwner.java:106)
	at com.microsoft.playwright.impl.FrameImpl.isVisibleImpl(FrameImpl.java:641)
	at com.microsoft.playwright.impl.FrameImpl.lambda$isVisible$29(FrameImpl.java:627)
	at com.microsoft.playwright.impl.LoggingSupport.withLogging(LoggingSupport.java:47)
	at com.microsoft.playwright.impl.ChannelOwner.withLogging(ChannelOwner.java:89)
	at com.microsoft.playwright.impl.FrameImpl.isVisible(FrameImpl.java:627)
	at com.microsoft.playwright.impl.LocatorImpl.isVisible(LocatorImpl.java:391)
	at com.microsoft.playwright.Locator.isVisible(Locator.java:3948)
	at com.test.roku.utils.AssertionUtils.assertPresent(AssertionUtils.java:10)
	at com.test.roku.steps.ContactUsPageAssertions.assertMessageBoxCaptionDisplayed(ContactUsPageAssertions.java:149)
	at com.test.roku.steps.ContactUsSteps.userShouldBeDisplayedMessageCaptionNextToMessageTextArea(ContactUsSteps.java:103)
	at ✽.User should be displayed message caption next to message text area(file:///Users/sanju/Desktop/PlaywightJavaWorkSpace/PlayWrightJavaAutomation/src/test/java/features/contactUs.feature:18)
Caused by: com.microsoft.playwright.impl.DriverException: Error {
  message=&apos;Error: strict mode violation: locator(&quot;//span[@class=&apos;input-group-text&apos;]&quot;) resolved to 5 elements:
    1) &lt;span id=&quot;basic-addon1&quot; class=&quot;input-group-text&quot;&gt;…&lt;/span&gt; aka locator(&quot;#basic-addon1&quot;).first()
    2) &lt;span id=&quot;basic-addon1&quot; class=&quot;input-group-text&quot;&gt;…&lt;/span&gt; aka locator(&quot;#basic-addon1&quot;).nth(1)
    3) &lt;span id=&quot;basic-addon1&quot; class=&quot;input-group-text&quot;&gt;…&lt;/span&gt; aka locator(&quot;#basic-addon1&quot;).nth(2)
    4) &lt;span id=&quot;basic-addon1&quot; class=&quot;input-group-text&quot;&gt;…&lt;/span&gt; aka locator(&quot;#basic-addon1&quot;).nth(3)
    5) &lt;span class=&quot;input-group-text&quot;&gt;Message&lt;/span&gt; aka getByText(&quot;Message&quot;)

  name=&apos;Error
  stack=&apos;Error: Error: strict mode violation: locator(&quot;//span[@class=&apos;input-group-text&apos;]&quot;) resolved to 5 elements:
    1) &lt;span id=&quot;basic-addon1&quot; class=&quot;input-group-text&quot;&gt;…&lt;/span&gt; aka locator(&quot;#basic-addon1&quot;).first()
    2) &lt;span id=&quot;basic-addon1&quot; class=&quot;input-group-text&quot;&gt;…&lt;/span&gt; aka locator(&quot;#basic-addon1&quot;).nth(1)
    3) &lt;span id=&quot;basic-addon1&quot; class=&quot;input-group-text&quot;&gt;…&lt;/span&gt; aka locator(&quot;#basic-addon1&quot;).nth(2)
    4) &lt;span id=&quot;basic-addon1&quot; class=&quot;input-group-text&quot;&gt;…&lt;/span&gt; aka locator(&quot;#basic-addon1&quot;).nth(3)
    5) &lt;span class=&quot;input-group-text&quot;&gt;Message&lt;/span&gt; aka getByText(&quot;Message&quot;)

    at CRExecutionContext.evaluateWithArguments (/private/var/folders/m8/d_ml1jqs5rdf6m9md2pykmkh0000gn/T/playwright-java-4336040391069677089/package/lib/server/chromium/crExecutionContext.js:92:33)
    at async LongStandingScope._race (/private/var/folders/m8/d_ml1jqs5rdf6m9md2pykmkh0000gn/T/playwright-java-4336040391069677089/package/lib/utils/manualPromise.js:96:14)
    at async evaluateExpression (/private/var/folders/m8/d_ml1jqs5rdf6m9md2pykmkh0000gn/T/playwright-java-4336040391069677089/package/lib/server/javascript.js:241:12)
    at async /private/var/folders/m8/d_ml1jqs5rdf6m9md2pykmkh0000gn/T/playwright-java-4336040391069677089/package/lib/server/frames.js:1113:14
    at async ProgressController.run (/private/var/folders/m8/d_ml1jqs5rdf6m9md2pykmkh0000gn/T/playwright-java-4336040391069677089/package/lib/server/progress.js:91:22)
    at async FrameDispatcher.isVisible (/private/var/folders/m8/d_ml1jqs5rdf6m9md2pykmkh0000gn/T/playwright-java-4336040391069677089/package/lib/server/dispatchers/frameDispatcher.js:233:14)
    at async LongStandingScope._race (/private/var/folders/m8/d_ml1jqs5rdf6m9md2pykmkh0000gn/T/playwright-java-4336040391069677089/package/lib/utils/manualPromise.js:96:14)
    at async FrameDispatcher._handleCommand (/private/var/folders/m8/d_ml1jqs5rdf6m9md2pykmkh0000gn/T/playwright-java-4336040391069677089/package/lib/server/dispatchers/dispatcher.js:96:14)
    at async DispatcherConnection.dispatch (/private/var/folders/m8/d_ml1jqs5rdf6m9md2pykmkh0000gn/T/playwright-java-4336040391069677089/package/lib/server/dispatchers/dispatcher.js:362:22)
}
Call log:
-   checking visibility of locator(&quot;//span[@class=&apos;input-group-text&apos;]&quot;)

	at com.microsoft.playwright.impl.Connection.dispatch(Connection.java:259)
	at com.microsoft.playwright.impl.Connection.processOneMessage(Connection.java:209)
	at com.microsoft.playwright.impl.ChannelOwner.runUntil(ChannelOwner.java:118)
	at com.microsoft.playwright.impl.Connection.sendMessage(Connection.java:129)
	at com.microsoft.playwright.impl.ChannelOwner.sendMessage(ChannelOwner.java:106)
	at com.microsoft.playwright.impl.FrameImpl.isVisibleImpl(FrameImpl.java:641)
	at com.microsoft.playwright.impl.FrameImpl.lambda$isVisible$29(FrameImpl.java:627)
	at com.microsoft.playwright.impl.LoggingSupport.withLogging(LoggingSupport.java:47)
	at com.microsoft.playwright.impl.ChannelOwner.withLogging(ChannelOwner.java:89)
	at com.microsoft.playwright.impl.FrameImpl.isVisible(FrameImpl.java:627)
	at com.microsoft.playwright.impl.LocatorImpl.isVisible(LocatorImpl.java:391)
	at com.microsoft.playwright.Locator.isVisible(Locator.java:3948)
	at com.test.roku.utils.AssertionUtils.assertPresent(AssertionUtils.java:10)
	at com.test.roku.steps.ContactUsPageAssertions.assertMessageBoxCaptionDisplayed(ContactUsPageAssertions.java:149)
	at com.test.roku.steps.ContactUsSteps.userShouldBeDisplayedMessageCaptionNextToMessageTextArea(ContactUsSteps.java:103)
	at io.cucumber.java.Invoker.doInvoke(Invoker.java:66)
	at io.cucumber.java.Invoker.invoke(Invoker.java:24)
	at io.cucumber.java.AbstractGlueDefinition.invokeMethod(AbstractGlueDefinition.java:47)
	at io.cucumber.java.JavaStepDefinition.execute(JavaStepDefinition.java:29)
	at io.cucumber.core.runner.CoreStepDefinition.execute(CoreStepDefinition.java:66)
	at io.cucumber.core.runner.PickleStepDefinitionMatch.runStep(PickleStepDefinitionMatch.java:63)
	at io.cucumber.core.runner.ExecutionMode$1.execute(ExecutionMode.java:10)
	at io.cucumber.core.runner.TestStep.executeStep(TestStep.java:86)
	at io.cucumber.core.runner.TestStep.run(TestStep.java:57)
	at io.cucumber.core.runner.PickleStepTestStep.run(PickleStepTestStep.java:51)
	at io.cucumber.core.runner.TestCase.run(TestCase.java:95)
	at io.cucumber.core.runner.Runner.runPickle(Runner.java:75)
	at io.cucumber.testng.TestNGCucumberRunner.lambda$runScenario$1(TestNGCucumberRunner.java:132)
	at io.cucumber.core.runtime.CucumberExecutionContext.lambda$runTestCase$3(CucumberExecutionContext.java:151)
	at io.cucumber.core.runtime.RethrowingThrowableCollector.executeAndThrow(RethrowingThrowableCollector.java:23)
	at io.cucumber.core.runtime.CucumberExecutionContext.runTestCase(CucumberExecutionContext.java:151)
	at io.cucumber.testng.TestNGCucumberRunner.runScenario(TestNGCucumberRunner.java:129)
	at io.cucumber.testng.AbstractTestNGCucumberTests.runScenario(AbstractTestNGCucumberTests.java:35)
	at java.base/java.util.ArrayList.forEach(ArrayList.java:1596)
... Removed 32 stack frames
</div> <!-- stack-trace -->
                  <em>
(Runs Cucumber Scenarios)                  </em>
                </div> <!-- method-content -->
              </div> <!-- method -->
              <div class="method">
                <div class="method-content">
                  <a name="runScenario(&quot;Verify user should not be able to submit invalid Phone Number : &quot;+76 726374627642&quot;&quot;, &quot;User should b...)">
                  </a> <!-- runScenario("Verify user should not be able to submit invalid Phone Number : "+76 726374627642"", "User should b...) -->
                  <span class="method-name">runScenario</span>
                  <span class="parameters">("Verify user should not be able to submit invalid Phone Number : "+76 726374627642"","User should be able to submit contact us request")</span>
                  <div class="stack-trace">com.microsoft.playwright.TimeoutError: Error {
  message=&apos;Timeout 30000ms exceeded.
  name=&apos;TimeoutError
  stack=&apos;TimeoutError: Timeout 30000ms exceeded.
    at ProgressController.run (/private/var/folders/m8/d_ml1jqs5rdf6m9md2pykmkh0000gn/T/playwright-java-4336040391069677089/package/lib/server/progress.js:87:26)
    at Frame._callOnElementOnceMatches (/private/var/folders/m8/d_ml1jqs5rdf6m9md2pykmkh0000gn/T/playwright-java-4336040391069677089/package/lib/server/frames.js:1399:23)
    at Frame.textContent (/private/var/folders/m8/d_ml1jqs5rdf6m9md2pykmkh0000gn/T/playwright-java-4336040391069677089/package/lib/server/frames.js:1056:17)
    at FrameDispatcher.textContent (/private/var/folders/m8/d_ml1jqs5rdf6m9md2pykmkh0000gn/T/playwright-java-4336040391069677089/package/lib/server/dispatchers/frameDispatcher.js:179:37)
    at FrameDispatcher._handleCommand (/private/var/folders/m8/d_ml1jqs5rdf6m9md2pykmkh0000gn/T/playwright-java-4336040391069677089/package/lib/server/dispatchers/dispatcher.js:94:40)
    at DispatcherConnection.dispatch (/private/var/folders/m8/d_ml1jqs5rdf6m9md2pykmkh0000gn/T/playwright-java-4336040391069677089/package/lib/server/dispatchers/dispatcher.js:362:39)
}
Call log:
- waiting for locator(&quot;.alert&quot;)

	at com.microsoft.playwright.impl.WaitableResult.get(WaitableResult.java:52)
	at com.microsoft.playwright.impl.ChannelOwner.runUntil(ChannelOwner.java:120)
	at com.microsoft.playwright.impl.Connection.sendMessage(Connection.java:129)
	at com.microsoft.playwright.impl.ChannelOwner.sendMessage(ChannelOwner.java:106)
	at com.microsoft.playwright.impl.FrameImpl.textContentImpl(FrameImpl.java:818)
	at com.microsoft.playwright.impl.FrameImpl.lambda$textContent$38(FrameImpl.java:809)
	at com.microsoft.playwright.impl.LoggingSupport.withLogging(LoggingSupport.java:47)
	at com.microsoft.playwright.impl.ChannelOwner.withLogging(ChannelOwner.java:89)
	at com.microsoft.playwright.impl.FrameImpl.textContent(FrameImpl.java:809)
	at com.microsoft.playwright.impl.LocatorImpl.textContent(LocatorImpl.java:566)
	at com.microsoft.playwright.Locator.textContent(Locator.java:5090)
	at com.test.roku.utils.AssertionUtils.assertEquals(AssertionUtils.java:15)
	at com.test.roku.steps.ContactUsPageAssertions.assertErrorDisplayedForInvalidFormat(ContactUsPageAssertions.java:168)
	at com.test.roku.steps.ContactUsSteps.userShouldBeDisplayedInvalidFormatErrorMessage(ContactUsSteps.java:141)
	at ✽.User should be displayed invalid &quot;Phone&quot; format error message(file:///Users/sanju/Desktop/PlaywightJavaWorkSpace/PlayWrightJavaAutomation/src/test/java/features/contactUs.feature:87)
Caused by: com.microsoft.playwright.TimeoutError: Error {
  message=&apos;Timeout 30000ms exceeded.
  name=&apos;TimeoutError
  stack=&apos;TimeoutError: Timeout 30000ms exceeded.
    at ProgressController.run (/private/var/folders/m8/d_ml1jqs5rdf6m9md2pykmkh0000gn/T/playwright-java-4336040391069677089/package/lib/server/progress.js:87:26)
    at Frame._callOnElementOnceMatches (/private/var/folders/m8/d_ml1jqs5rdf6m9md2pykmkh0000gn/T/playwright-java-4336040391069677089/package/lib/server/frames.js:1399:23)
    at Frame.textContent (/private/var/folders/m8/d_ml1jqs5rdf6m9md2pykmkh0000gn/T/playwright-java-4336040391069677089/package/lib/server/frames.js:1056:17)
    at FrameDispatcher.textContent (/private/var/folders/m8/d_ml1jqs5rdf6m9md2pykmkh0000gn/T/playwright-java-4336040391069677089/package/lib/server/dispatchers/frameDispatcher.js:179:37)
    at FrameDispatcher._handleCommand (/private/var/folders/m8/d_ml1jqs5rdf6m9md2pykmkh0000gn/T/playwright-java-4336040391069677089/package/lib/server/dispatchers/dispatcher.js:94:40)
    at DispatcherConnection.dispatch (/private/var/folders/m8/d_ml1jqs5rdf6m9md2pykmkh0000gn/T/playwright-java-4336040391069677089/package/lib/server/dispatchers/dispatcher.js:362:39)
}
Call log:
- waiting for locator(&quot;.alert&quot;)

	at com.microsoft.playwright.impl.Connection.dispatch(Connection.java:254)
	at com.microsoft.playwright.impl.Connection.processOneMessage(Connection.java:209)
	at com.microsoft.playwright.impl.ChannelOwner.runUntil(ChannelOwner.java:118)
	at com.microsoft.playwright.impl.Connection.sendMessage(Connection.java:129)
	at com.microsoft.playwright.impl.ChannelOwner.sendMessage(ChannelOwner.java:106)
	at com.microsoft.playwright.impl.FrameImpl.textContentImpl(FrameImpl.java:818)
	at com.microsoft.playwright.impl.FrameImpl.lambda$textContent$38(FrameImpl.java:809)
	at com.microsoft.playwright.impl.LoggingSupport.withLogging(LoggingSupport.java:47)
	at com.microsoft.playwright.impl.ChannelOwner.withLogging(ChannelOwner.java:89)
	at com.microsoft.playwright.impl.FrameImpl.textContent(FrameImpl.java:809)
	at com.microsoft.playwright.impl.LocatorImpl.textContent(LocatorImpl.java:566)
	at com.microsoft.playwright.Locator.textContent(Locator.java:5090)
	at com.test.roku.utils.AssertionUtils.assertEquals(AssertionUtils.java:15)
	at com.test.roku.steps.ContactUsPageAssertions.assertErrorDisplayedForInvalidFormat(ContactUsPageAssertions.java:168)
	at com.test.roku.steps.ContactUsSteps.userShouldBeDisplayedInvalidFormatErrorMessage(ContactUsSteps.java:141)
	at io.cucumber.java.Invoker.doInvoke(Invoker.java:66)
	at io.cucumber.java.Invoker.invoke(Invoker.java:24)
	at io.cucumber.java.AbstractGlueDefinition.invokeMethod(AbstractGlueDefinition.java:47)
	at io.cucumber.java.JavaStepDefinition.execute(JavaStepDefinition.java:29)
	at io.cucumber.core.runner.CoreStepDefinition.execute(CoreStepDefinition.java:66)
	at io.cucumber.core.runner.PickleStepDefinitionMatch.runStep(PickleStepDefinitionMatch.java:63)
	at io.cucumber.core.runner.ExecutionMode$1.execute(ExecutionMode.java:10)
	at io.cucumber.core.runner.TestStep.executeStep(TestStep.java:86)
	at io.cucumber.core.runner.TestStep.run(TestStep.java:57)
	at io.cucumber.core.runner.PickleStepTestStep.run(PickleStepTestStep.java:51)
	at io.cucumber.core.runner.TestCase.run(TestCase.java:95)
	at io.cucumber.core.runner.Runner.runPickle(Runner.java:75)
	at io.cucumber.testng.TestNGCucumberRunner.lambda$runScenario$1(TestNGCucumberRunner.java:132)
	at io.cucumber.core.runtime.CucumberExecutionContext.lambda$runTestCase$3(CucumberExecutionContext.java:151)
	at io.cucumber.core.runtime.RethrowingThrowableCollector.executeAndThrow(RethrowingThrowableCollector.java:23)
	at io.cucumber.core.runtime.CucumberExecutionContext.runTestCase(CucumberExecutionContext.java:151)
	at io.cucumber.testng.TestNGCucumberRunner.runScenario(TestNGCucumberRunner.java:129)
	at io.cucumber.testng.AbstractTestNGCucumberTests.runScenario(AbstractTestNGCucumberTests.java:35)
	at java.base/java.util.ArrayList.forEach(ArrayList.java:1596)
... Removed 32 stack frames
</div> <!-- stack-trace -->
                  <em>
(Runs Cucumber Scenarios)                  </em>
                </div> <!-- method-content -->
              </div> <!-- method -->
              <div class="method">
                <div class="method-content">
                  <a name="runScenario(&quot;Verify user should see error message with invalid information&quot;, &quot;User should be able to submit cont...)">
                  </a> <!-- runScenario("Verify user should see error message with invalid information", "User should be able to submit cont...) -->
                  <span class="method-name">runScenario</span>
                  <span class="parameters">("Verify user should see error message with invalid information","User should be able to submit contact us request")</span>
                  <div class="stack-trace">java.lang.AssertionError: Element Phone may not be blankSubject may not be blankName may not be blankMessage must be between 20 and 2000 characters.Message may not be blankSubject must be between 5 and 100 characters.Email may not be blankPhone must be between 11 and 21 characters. should be displayed !!! expected [true] but found [false]
	at com.test.roku.utils.AssertionUtils.assertPresent(AssertionUtils.java:10)
	at com.test.roku.steps.ContactUsPageAssertions.assertErrorMsgContainerDisplayed(ContactUsPageAssertions.java:58)
	at com.test.roku.steps.ContactUsSteps.userShouldBeDisplayedErrorMessage(ContactUsSteps.java:58)
	at ✽.User should be displayed error message(file:///Users/sanju/Desktop/PlaywightJavaWorkSpace/PlayWrightJavaAutomation/src/test/java/features/contactUs.feature:41)
... Removed 3 stack frames
</div> <!-- stack-trace -->
                  <em>
(Runs Cucumber Scenarios)                  </em>
                </div> <!-- method-content -->
              </div> <!-- method -->
              <div class="method">
                <div class="method-content">
                  <a name="runScenario(&quot;Verify user should not be able to submit invalid Phone Number : &quot;+76726374627642&quot;&quot;, &quot;User should be...)">
                  </a> <!-- runScenario("Verify user should not be able to submit invalid Phone Number : "+76726374627642"", "User should be...) -->
                  <span class="method-name">runScenario</span>
                  <span class="parameters">("Verify user should not be able to submit invalid Phone Number : "+76726374627642"","User should be able to submit contact us request")</span>
                  <div class="stack-trace">com.microsoft.playwright.TimeoutError: Error {
  message=&apos;Timeout 30000ms exceeded.
  name=&apos;TimeoutError
  stack=&apos;TimeoutError: Timeout 30000ms exceeded.
    at ProgressController.run (/private/var/folders/m8/d_ml1jqs5rdf6m9md2pykmkh0000gn/T/playwright-java-4336040391069677089/package/lib/server/progress.js:87:26)
    at Frame._callOnElementOnceMatches (/private/var/folders/m8/d_ml1jqs5rdf6m9md2pykmkh0000gn/T/playwright-java-4336040391069677089/package/lib/server/frames.js:1399:23)
    at Frame.textContent (/private/var/folders/m8/d_ml1jqs5rdf6m9md2pykmkh0000gn/T/playwright-java-4336040391069677089/package/lib/server/frames.js:1056:17)
    at FrameDispatcher.textContent (/private/var/folders/m8/d_ml1jqs5rdf6m9md2pykmkh0000gn/T/playwright-java-4336040391069677089/package/lib/server/dispatchers/frameDispatcher.js:179:37)
    at FrameDispatcher._handleCommand (/private/var/folders/m8/d_ml1jqs5rdf6m9md2pykmkh0000gn/T/playwright-java-4336040391069677089/package/lib/server/dispatchers/dispatcher.js:94:40)
    at DispatcherConnection.dispatch (/private/var/folders/m8/d_ml1jqs5rdf6m9md2pykmkh0000gn/T/playwright-java-4336040391069677089/package/lib/server/dispatchers/dispatcher.js:362:39)
}
Call log:
- waiting for locator(&quot;.alert&quot;)

	at com.microsoft.playwright.impl.WaitableResult.get(WaitableResult.java:52)
	at com.microsoft.playwright.impl.ChannelOwner.runUntil(ChannelOwner.java:120)
	at com.microsoft.playwright.impl.Connection.sendMessage(Connection.java:129)
	at com.microsoft.playwright.impl.ChannelOwner.sendMessage(ChannelOwner.java:106)
	at com.microsoft.playwright.impl.FrameImpl.textContentImpl(FrameImpl.java:818)
	at com.microsoft.playwright.impl.FrameImpl.lambda$textContent$38(FrameImpl.java:809)
	at com.microsoft.playwright.impl.LoggingSupport.withLogging(LoggingSupport.java:47)
	at com.microsoft.playwright.impl.ChannelOwner.withLogging(ChannelOwner.java:89)
	at com.microsoft.playwright.impl.FrameImpl.textContent(FrameImpl.java:809)
	at com.microsoft.playwright.impl.LocatorImpl.textContent(LocatorImpl.java:566)
	at com.microsoft.playwright.Locator.textContent(Locator.java:5090)
	at com.test.roku.utils.AssertionUtils.assertEquals(AssertionUtils.java:15)
	at com.test.roku.steps.ContactUsPageAssertions.assertErrorDisplayedForInvalidFormat(ContactUsPageAssertions.java:168)
	at com.test.roku.steps.ContactUsSteps.userShouldBeDisplayedInvalidFormatErrorMessage(ContactUsSteps.java:141)
	at ✽.User should be displayed invalid &quot;Phone&quot; format error message(file:///Users/sanju/Desktop/PlaywightJavaWorkSpace/PlayWrightJavaAutomation/src/test/java/features/contactUs.feature:87)
Caused by: com.microsoft.playwright.TimeoutError: Error {
  message=&apos;Timeout 30000ms exceeded.
  name=&apos;TimeoutError
  stack=&apos;TimeoutError: Timeout 30000ms exceeded.
    at ProgressController.run (/private/var/folders/m8/d_ml1jqs5rdf6m9md2pykmkh0000gn/T/playwright-java-4336040391069677089/package/lib/server/progress.js:87:26)
    at Frame._callOnElementOnceMatches (/private/var/folders/m8/d_ml1jqs5rdf6m9md2pykmkh0000gn/T/playwright-java-4336040391069677089/package/lib/server/frames.js:1399:23)
    at Frame.textContent (/private/var/folders/m8/d_ml1jqs5rdf6m9md2pykmkh0000gn/T/playwright-java-4336040391069677089/package/lib/server/frames.js:1056:17)
    at FrameDispatcher.textContent (/private/var/folders/m8/d_ml1jqs5rdf6m9md2pykmkh0000gn/T/playwright-java-4336040391069677089/package/lib/server/dispatchers/frameDispatcher.js:179:37)
    at FrameDispatcher._handleCommand (/private/var/folders/m8/d_ml1jqs5rdf6m9md2pykmkh0000gn/T/playwright-java-4336040391069677089/package/lib/server/dispatchers/dispatcher.js:94:40)
    at DispatcherConnection.dispatch (/private/var/folders/m8/d_ml1jqs5rdf6m9md2pykmkh0000gn/T/playwright-java-4336040391069677089/package/lib/server/dispatchers/dispatcher.js:362:39)
}
Call log:
- waiting for locator(&quot;.alert&quot;)

	at com.microsoft.playwright.impl.Connection.dispatch(Connection.java:254)
	at com.microsoft.playwright.impl.Connection.processOneMessage(Connection.java:209)
	at com.microsoft.playwright.impl.ChannelOwner.runUntil(ChannelOwner.java:118)
	at com.microsoft.playwright.impl.Connection.sendMessage(Connection.java:129)
	at com.microsoft.playwright.impl.ChannelOwner.sendMessage(ChannelOwner.java:106)
	at com.microsoft.playwright.impl.FrameImpl.textContentImpl(FrameImpl.java:818)
	at com.microsoft.playwright.impl.FrameImpl.lambda$textContent$38(FrameImpl.java:809)
	at com.microsoft.playwright.impl.LoggingSupport.withLogging(LoggingSupport.java:47)
	at com.microsoft.playwright.impl.ChannelOwner.withLogging(ChannelOwner.java:89)
	at com.microsoft.playwright.impl.FrameImpl.textContent(FrameImpl.java:809)
	at com.microsoft.playwright.impl.LocatorImpl.textContent(LocatorImpl.java:566)
	at com.microsoft.playwright.Locator.textContent(Locator.java:5090)
	at com.test.roku.utils.AssertionUtils.assertEquals(AssertionUtils.java:15)
	at com.test.roku.steps.ContactUsPageAssertions.assertErrorDisplayedForInvalidFormat(ContactUsPageAssertions.java:168)
	at com.test.roku.steps.ContactUsSteps.userShouldBeDisplayedInvalidFormatErrorMessage(ContactUsSteps.java:141)
	at io.cucumber.java.Invoker.doInvoke(Invoker.java:66)
	at io.cucumber.java.Invoker.invoke(Invoker.java:24)
	at io.cucumber.java.AbstractGlueDefinition.invokeMethod(AbstractGlueDefinition.java:47)
	at io.cucumber.java.JavaStepDefinition.execute(JavaStepDefinition.java:29)
	at io.cucumber.core.runner.CoreStepDefinition.execute(CoreStepDefinition.java:66)
	at io.cucumber.core.runner.PickleStepDefinitionMatch.runStep(PickleStepDefinitionMatch.java:63)
	at io.cucumber.core.runner.ExecutionMode$1.execute(ExecutionMode.java:10)
	at io.cucumber.core.runner.TestStep.executeStep(TestStep.java:86)
	at io.cucumber.core.runner.TestStep.run(TestStep.java:57)
	at io.cucumber.core.runner.PickleStepTestStep.run(PickleStepTestStep.java:51)
	at io.cucumber.core.runner.TestCase.run(TestCase.java:95)
	at io.cucumber.core.runner.Runner.runPickle(Runner.java:75)
	at io.cucumber.testng.TestNGCucumberRunner.lambda$runScenario$1(TestNGCucumberRunner.java:132)
	at io.cucumber.core.runtime.CucumberExecutionContext.lambda$runTestCase$3(CucumberExecutionContext.java:151)
	at io.cucumber.core.runtime.RethrowingThrowableCollector.executeAndThrow(RethrowingThrowableCollector.java:23)
	at io.cucumber.core.runtime.CucumberExecutionContext.runTestCase(CucumberExecutionContext.java:151)
	at io.cucumber.testng.TestNGCucumberRunner.runScenario(TestNGCucumberRunner.java:129)
	at io.cucumber.testng.AbstractTestNGCucumberTests.runScenario(AbstractTestNGCucumberTests.java:35)
	at java.base/java.util.ArrayList.forEach(ArrayList.java:1596)
... Removed 32 stack frames
</div> <!-- stack-trace -->
                  <em>
(Runs Cucumber Scenarios)                  </em>
                </div> <!-- method-content -->
              </div> <!-- method -->
              <div class="method">
                <div class="method-content">
                  <a name="runScenario(&quot;Verify user should not be able to submit invalid Phone Number : &quot;stringAsPhoneNumber&quot;&quot;, &quot;User shoul...)">
                  </a> <!-- runScenario("Verify user should not be able to submit invalid Phone Number : "stringAsPhoneNumber"", "User shoul...) -->
                  <span class="method-name">runScenario</span>
                  <span class="parameters">("Verify user should not be able to submit invalid Phone Number : "stringAsPhoneNumber"","User should be able to submit contact us request")</span>
                  <div class="stack-trace">com.microsoft.playwright.TimeoutError: Error {
  message=&apos;Timeout 30000ms exceeded.
  name=&apos;TimeoutError
  stack=&apos;TimeoutError: Timeout 30000ms exceeded.
    at ProgressController.run (/private/var/folders/m8/d_ml1jqs5rdf6m9md2pykmkh0000gn/T/playwright-java-4336040391069677089/package/lib/server/progress.js:87:26)
    at Frame._callOnElementOnceMatches (/private/var/folders/m8/d_ml1jqs5rdf6m9md2pykmkh0000gn/T/playwright-java-4336040391069677089/package/lib/server/frames.js:1399:23)
    at Frame.textContent (/private/var/folders/m8/d_ml1jqs5rdf6m9md2pykmkh0000gn/T/playwright-java-4336040391069677089/package/lib/server/frames.js:1056:17)
    at FrameDispatcher.textContent (/private/var/folders/m8/d_ml1jqs5rdf6m9md2pykmkh0000gn/T/playwright-java-4336040391069677089/package/lib/server/dispatchers/frameDispatcher.js:179:37)
    at FrameDispatcher._handleCommand (/private/var/folders/m8/d_ml1jqs5rdf6m9md2pykmkh0000gn/T/playwright-java-4336040391069677089/package/lib/server/dispatchers/dispatcher.js:94:40)
    at DispatcherConnection.dispatch (/private/var/folders/m8/d_ml1jqs5rdf6m9md2pykmkh0000gn/T/playwright-java-4336040391069677089/package/lib/server/dispatchers/dispatcher.js:362:39)
}
Call log:
- waiting for locator(&quot;.alert&quot;)

	at com.microsoft.playwright.impl.WaitableResult.get(WaitableResult.java:52)
	at com.microsoft.playwright.impl.ChannelOwner.runUntil(ChannelOwner.java:120)
	at com.microsoft.playwright.impl.Connection.sendMessage(Connection.java:129)
	at com.microsoft.playwright.impl.ChannelOwner.sendMessage(ChannelOwner.java:106)
	at com.microsoft.playwright.impl.FrameImpl.textContentImpl(FrameImpl.java:818)
	at com.microsoft.playwright.impl.FrameImpl.lambda$textContent$38(FrameImpl.java:809)
	at com.microsoft.playwright.impl.LoggingSupport.withLogging(LoggingSupport.java:47)
	at com.microsoft.playwright.impl.ChannelOwner.withLogging(ChannelOwner.java:89)
	at com.microsoft.playwright.impl.FrameImpl.textContent(FrameImpl.java:809)
	at com.microsoft.playwright.impl.LocatorImpl.textContent(LocatorImpl.java:566)
	at com.microsoft.playwright.Locator.textContent(Locator.java:5090)
	at com.test.roku.utils.AssertionUtils.assertEquals(AssertionUtils.java:15)
	at com.test.roku.steps.ContactUsPageAssertions.assertErrorDisplayedForInvalidFormat(ContactUsPageAssertions.java:168)
	at com.test.roku.steps.ContactUsSteps.userShouldBeDisplayedInvalidFormatErrorMessage(ContactUsSteps.java:141)
	at ✽.User should be displayed invalid &quot;Phone&quot; format error message(file:///Users/sanju/Desktop/PlaywightJavaWorkSpace/PlayWrightJavaAutomation/src/test/java/features/contactUs.feature:87)
Caused by: com.microsoft.playwright.TimeoutError: Error {
  message=&apos;Timeout 30000ms exceeded.
  name=&apos;TimeoutError
  stack=&apos;TimeoutError: Timeout 30000ms exceeded.
    at ProgressController.run (/private/var/folders/m8/d_ml1jqs5rdf6m9md2pykmkh0000gn/T/playwright-java-4336040391069677089/package/lib/server/progress.js:87:26)
    at Frame._callOnElementOnceMatches (/private/var/folders/m8/d_ml1jqs5rdf6m9md2pykmkh0000gn/T/playwright-java-4336040391069677089/package/lib/server/frames.js:1399:23)
    at Frame.textContent (/private/var/folders/m8/d_ml1jqs5rdf6m9md2pykmkh0000gn/T/playwright-java-4336040391069677089/package/lib/server/frames.js:1056:17)
    at FrameDispatcher.textContent (/private/var/folders/m8/d_ml1jqs5rdf6m9md2pykmkh0000gn/T/playwright-java-4336040391069677089/package/lib/server/dispatchers/frameDispatcher.js:179:37)
    at FrameDispatcher._handleCommand (/private/var/folders/m8/d_ml1jqs5rdf6m9md2pykmkh0000gn/T/playwright-java-4336040391069677089/package/lib/server/dispatchers/dispatcher.js:94:40)
    at DispatcherConnection.dispatch (/private/var/folders/m8/d_ml1jqs5rdf6m9md2pykmkh0000gn/T/playwright-java-4336040391069677089/package/lib/server/dispatchers/dispatcher.js:362:39)
}
Call log:
- waiting for locator(&quot;.alert&quot;)

	at com.microsoft.playwright.impl.Connection.dispatch(Connection.java:254)
	at com.microsoft.playwright.impl.Connection.processOneMessage(Connection.java:209)
	at com.microsoft.playwright.impl.ChannelOwner.runUntil(ChannelOwner.java:118)
	at com.microsoft.playwright.impl.Connection.sendMessage(Connection.java:129)
	at com.microsoft.playwright.impl.ChannelOwner.sendMessage(ChannelOwner.java:106)
	at com.microsoft.playwright.impl.FrameImpl.textContentImpl(FrameImpl.java:818)
	at com.microsoft.playwright.impl.FrameImpl.lambda$textContent$38(FrameImpl.java:809)
	at com.microsoft.playwright.impl.LoggingSupport.withLogging(LoggingSupport.java:47)
	at com.microsoft.playwright.impl.ChannelOwner.withLogging(ChannelOwner.java:89)
	at com.microsoft.playwright.impl.FrameImpl.textContent(FrameImpl.java:809)
	at com.microsoft.playwright.impl.LocatorImpl.textContent(LocatorImpl.java:566)
	at com.microsoft.playwright.Locator.textContent(Locator.java:5090)
	at com.test.roku.utils.AssertionUtils.assertEquals(AssertionUtils.java:15)
	at com.test.roku.steps.ContactUsPageAssertions.assertErrorDisplayedForInvalidFormat(ContactUsPageAssertions.java:168)
	at com.test.roku.steps.ContactUsSteps.userShouldBeDisplayedInvalidFormatErrorMessage(ContactUsSteps.java:141)
	at io.cucumber.java.Invoker.doInvoke(Invoker.java:66)
	at io.cucumber.java.Invoker.invoke(Invoker.java:24)
	at io.cucumber.java.AbstractGlueDefinition.invokeMethod(AbstractGlueDefinition.java:47)
	at io.cucumber.java.JavaStepDefinition.execute(JavaStepDefinition.java:29)
	at io.cucumber.core.runner.CoreStepDefinition.execute(CoreStepDefinition.java:66)
	at io.cucumber.core.runner.PickleStepDefinitionMatch.runStep(PickleStepDefinitionMatch.java:63)
	at io.cucumber.core.runner.ExecutionMode$1.execute(ExecutionMode.java:10)
	at io.cucumber.core.runner.TestStep.executeStep(TestStep.java:86)
	at io.cucumber.core.runner.TestStep.run(TestStep.java:57)
	at io.cucumber.core.runner.PickleStepTestStep.run(PickleStepTestStep.java:51)
	at io.cucumber.core.runner.TestCase.run(TestCase.java:95)
	at io.cucumber.core.runner.Runner.runPickle(Runner.java:75)
	at io.cucumber.testng.TestNGCucumberRunner.lambda$runScenario$1(TestNGCucumberRunner.java:132)
	at io.cucumber.core.runtime.CucumberExecutionContext.lambda$runTestCase$3(CucumberExecutionContext.java:151)
	at io.cucumber.core.runtime.RethrowingThrowableCollector.executeAndThrow(RethrowingThrowableCollector.java:23)
	at io.cucumber.core.runtime.CucumberExecutionContext.runTestCase(CucumberExecutionContext.java:151)
	at io.cucumber.testng.TestNGCucumberRunner.runScenario(TestNGCucumberRunner.java:129)
	at io.cucumber.testng.AbstractTestNGCucumberTests.runScenario(AbstractTestNGCucumberTests.java:35)
	at java.base/java.util.ArrayList.forEach(ArrayList.java:1596)
... Removed 32 stack frames
</div> <!-- stack-trace -->
                  <em>
(Runs Cucumber Scenarios)                  </em>
                </div> <!-- method-content -->
              </div> <!-- method -->
              <div class="method">
                <div class="method-content">
                  <a name="runScenario(&quot;Verify user should not be able to submit invalid Phone Number : &quot;564 792 007&quot;&quot;, &quot;User should be abl...)">
                  </a> <!-- runScenario("Verify user should not be able to submit invalid Phone Number : "564 792 007"", "User should be abl...) -->
                  <span class="method-name">runScenario</span>
                  <span class="parameters">("Verify user should not be able to submit invalid Phone Number : "564 792 007"","User should be able to submit contact us request")</span>
                  <div class="stack-trace">com.microsoft.playwright.TimeoutError: Error {
  message=&apos;Timeout 30000ms exceeded.
  name=&apos;TimeoutError
  stack=&apos;TimeoutError: Timeout 30000ms exceeded.
    at ProgressController.run (/private/var/folders/m8/d_ml1jqs5rdf6m9md2pykmkh0000gn/T/playwright-java-4336040391069677089/package/lib/server/progress.js:87:26)
    at Frame._callOnElementOnceMatches (/private/var/folders/m8/d_ml1jqs5rdf6m9md2pykmkh0000gn/T/playwright-java-4336040391069677089/package/lib/server/frames.js:1399:23)
    at Frame.textContent (/private/var/folders/m8/d_ml1jqs5rdf6m9md2pykmkh0000gn/T/playwright-java-4336040391069677089/package/lib/server/frames.js:1056:17)
    at FrameDispatcher.textContent (/private/var/folders/m8/d_ml1jqs5rdf6m9md2pykmkh0000gn/T/playwright-java-4336040391069677089/package/lib/server/dispatchers/frameDispatcher.js:179:37)
    at FrameDispatcher._handleCommand (/private/var/folders/m8/d_ml1jqs5rdf6m9md2pykmkh0000gn/T/playwright-java-4336040391069677089/package/lib/server/dispatchers/dispatcher.js:94:40)
    at DispatcherConnection.dispatch (/private/var/folders/m8/d_ml1jqs5rdf6m9md2pykmkh0000gn/T/playwright-java-4336040391069677089/package/lib/server/dispatchers/dispatcher.js:362:39)
}
Call log:
- waiting for locator(&quot;.alert&quot;)

	at com.microsoft.playwright.impl.WaitableResult.get(WaitableResult.java:52)
	at com.microsoft.playwright.impl.ChannelOwner.runUntil(ChannelOwner.java:120)
	at com.microsoft.playwright.impl.Connection.sendMessage(Connection.java:129)
	at com.microsoft.playwright.impl.ChannelOwner.sendMessage(ChannelOwner.java:106)
	at com.microsoft.playwright.impl.FrameImpl.textContentImpl(FrameImpl.java:818)
	at com.microsoft.playwright.impl.FrameImpl.lambda$textContent$38(FrameImpl.java:809)
	at com.microsoft.playwright.impl.LoggingSupport.withLogging(LoggingSupport.java:47)
	at com.microsoft.playwright.impl.ChannelOwner.withLogging(ChannelOwner.java:89)
	at com.microsoft.playwright.impl.FrameImpl.textContent(FrameImpl.java:809)
	at com.microsoft.playwright.impl.LocatorImpl.textContent(LocatorImpl.java:566)
	at com.microsoft.playwright.Locator.textContent(Locator.java:5090)
	at com.test.roku.utils.AssertionUtils.assertEquals(AssertionUtils.java:15)
	at com.test.roku.steps.ContactUsPageAssertions.assertErrorDisplayedForInvalidFormat(ContactUsPageAssertions.java:168)
	at com.test.roku.steps.ContactUsSteps.userShouldBeDisplayedInvalidFormatErrorMessage(ContactUsSteps.java:141)
	at ✽.User should be displayed invalid &quot;Phone&quot; format error message(file:///Users/sanju/Desktop/PlaywightJavaWorkSpace/PlayWrightJavaAutomation/src/test/java/features/contactUs.feature:87)
Caused by: com.microsoft.playwright.TimeoutError: Error {
  message=&apos;Timeout 30000ms exceeded.
  name=&apos;TimeoutError
  stack=&apos;TimeoutError: Timeout 30000ms exceeded.
    at ProgressController.run (/private/var/folders/m8/d_ml1jqs5rdf6m9md2pykmkh0000gn/T/playwright-java-4336040391069677089/package/lib/server/progress.js:87:26)
    at Frame._callOnElementOnceMatches (/private/var/folders/m8/d_ml1jqs5rdf6m9md2pykmkh0000gn/T/playwright-java-4336040391069677089/package/lib/server/frames.js:1399:23)
    at Frame.textContent (/private/var/folders/m8/d_ml1jqs5rdf6m9md2pykmkh0000gn/T/playwright-java-4336040391069677089/package/lib/server/frames.js:1056:17)
    at FrameDispatcher.textContent (/private/var/folders/m8/d_ml1jqs5rdf6m9md2pykmkh0000gn/T/playwright-java-4336040391069677089/package/lib/server/dispatchers/frameDispatcher.js:179:37)
    at FrameDispatcher._handleCommand (/private/var/folders/m8/d_ml1jqs5rdf6m9md2pykmkh0000gn/T/playwright-java-4336040391069677089/package/lib/server/dispatchers/dispatcher.js:94:40)
    at DispatcherConnection.dispatch (/private/var/folders/m8/d_ml1jqs5rdf6m9md2pykmkh0000gn/T/playwright-java-4336040391069677089/package/lib/server/dispatchers/dispatcher.js:362:39)
}
Call log:
- waiting for locator(&quot;.alert&quot;)

	at com.microsoft.playwright.impl.Connection.dispatch(Connection.java:254)
	at com.microsoft.playwright.impl.Connection.processOneMessage(Connection.java:209)
	at com.microsoft.playwright.impl.ChannelOwner.runUntil(ChannelOwner.java:118)
	at com.microsoft.playwright.impl.Connection.sendMessage(Connection.java:129)
	at com.microsoft.playwright.impl.ChannelOwner.sendMessage(ChannelOwner.java:106)
	at com.microsoft.playwright.impl.FrameImpl.textContentImpl(FrameImpl.java:818)
	at com.microsoft.playwright.impl.FrameImpl.lambda$textContent$38(FrameImpl.java:809)
	at com.microsoft.playwright.impl.LoggingSupport.withLogging(LoggingSupport.java:47)
	at com.microsoft.playwright.impl.ChannelOwner.withLogging(ChannelOwner.java:89)
	at com.microsoft.playwright.impl.FrameImpl.textContent(FrameImpl.java:809)
	at com.microsoft.playwright.impl.LocatorImpl.textContent(LocatorImpl.java:566)
	at com.microsoft.playwright.Locator.textContent(Locator.java:5090)
	at com.test.roku.utils.AssertionUtils.assertEquals(AssertionUtils.java:15)
	at com.test.roku.steps.ContactUsPageAssertions.assertErrorDisplayedForInvalidFormat(ContactUsPageAssertions.java:168)
	at com.test.roku.steps.ContactUsSteps.userShouldBeDisplayedInvalidFormatErrorMessage(ContactUsSteps.java:141)
	at io.cucumber.java.Invoker.doInvoke(Invoker.java:66)
	at io.cucumber.java.Invoker.invoke(Invoker.java:24)
	at io.cucumber.java.AbstractGlueDefinition.invokeMethod(AbstractGlueDefinition.java:47)
	at io.cucumber.java.JavaStepDefinition.execute(JavaStepDefinition.java:29)
	at io.cucumber.core.runner.CoreStepDefinition.execute(CoreStepDefinition.java:66)
	at io.cucumber.core.runner.PickleStepDefinitionMatch.runStep(PickleStepDefinitionMatch.java:63)
	at io.cucumber.core.runner.ExecutionMode$1.execute(ExecutionMode.java:10)
	at io.cucumber.core.runner.TestStep.executeStep(TestStep.java:86)
	at io.cucumber.core.runner.TestStep.run(TestStep.java:57)
	at io.cucumber.core.runner.PickleStepTestStep.run(PickleStepTestStep.java:51)
	at io.cucumber.core.runner.TestCase.run(TestCase.java:95)
	at io.cucumber.core.runner.Runner.runPickle(Runner.java:75)
	at io.cucumber.testng.TestNGCucumberRunner.lambda$runScenario$1(TestNGCucumberRunner.java:132)
	at io.cucumber.core.runtime.CucumberExecutionContext.lambda$runTestCase$3(CucumberExecutionContext.java:151)
	at io.cucumber.core.runtime.RethrowingThrowableCollector.executeAndThrow(RethrowingThrowableCollector.java:23)
	at io.cucumber.core.runtime.CucumberExecutionContext.runTestCase(CucumberExecutionContext.java:151)
	at io.cucumber.testng.TestNGCucumberRunner.runScenario(TestNGCucumberRunner.java:129)
	at io.cucumber.testng.AbstractTestNGCucumberTests.runScenario(AbstractTestNGCucumberTests.java:35)
	at java.base/java.util.ArrayList.forEach(ArrayList.java:1596)
... Removed 32 stack frames
</div> <!-- stack-trace -->
                  <em>
(Runs Cucumber Scenarios)                  </em>
                </div> <!-- method-content -->
              </div> <!-- method -->
              <div class="method">
                <div class="method-content">
                  <a name="runScenario(&quot;Verify user should not be able to submit invalid Phone Number : &quot;777-111-222&quot;&quot;, &quot;User should be abl...)">
                  </a> <!-- runScenario("Verify user should not be able to submit invalid Phone Number : "777-111-222"", "User should be abl...) -->
                  <span class="method-name">runScenario</span>
                  <span class="parameters">("Verify user should not be able to submit invalid Phone Number : "777-111-222"","User should be able to submit contact us request")</span>
                  <div class="stack-trace">com.microsoft.playwright.TimeoutError: Error {
  message=&apos;Timeout 30000ms exceeded.
  name=&apos;TimeoutError
  stack=&apos;TimeoutError: Timeout 30000ms exceeded.
    at ProgressController.run (/private/var/folders/m8/d_ml1jqs5rdf6m9md2pykmkh0000gn/T/playwright-java-4336040391069677089/package/lib/server/progress.js:87:26)
    at Frame._callOnElementOnceMatches (/private/var/folders/m8/d_ml1jqs5rdf6m9md2pykmkh0000gn/T/playwright-java-4336040391069677089/package/lib/server/frames.js:1399:23)
    at Frame.textContent (/private/var/folders/m8/d_ml1jqs5rdf6m9md2pykmkh0000gn/T/playwright-java-4336040391069677089/package/lib/server/frames.js:1056:17)
    at FrameDispatcher.textContent (/private/var/folders/m8/d_ml1jqs5rdf6m9md2pykmkh0000gn/T/playwright-java-4336040391069677089/package/lib/server/dispatchers/frameDispatcher.js:179:37)
    at FrameDispatcher._handleCommand (/private/var/folders/m8/d_ml1jqs5rdf6m9md2pykmkh0000gn/T/playwright-java-4336040391069677089/package/lib/server/dispatchers/dispatcher.js:94:40)
    at DispatcherConnection.dispatch (/private/var/folders/m8/d_ml1jqs5rdf6m9md2pykmkh0000gn/T/playwright-java-4336040391069677089/package/lib/server/dispatchers/dispatcher.js:362:39)
}
Call log:
- waiting for locator(&quot;.alert&quot;)

	at com.microsoft.playwright.impl.WaitableResult.get(WaitableResult.java:52)
	at com.microsoft.playwright.impl.ChannelOwner.runUntil(ChannelOwner.java:120)
	at com.microsoft.playwright.impl.Connection.sendMessage(Connection.java:129)
	at com.microsoft.playwright.impl.ChannelOwner.sendMessage(ChannelOwner.java:106)
	at com.microsoft.playwright.impl.FrameImpl.textContentImpl(FrameImpl.java:818)
	at com.microsoft.playwright.impl.FrameImpl.lambda$textContent$38(FrameImpl.java:809)
	at com.microsoft.playwright.impl.LoggingSupport.withLogging(LoggingSupport.java:47)
	at com.microsoft.playwright.impl.ChannelOwner.withLogging(ChannelOwner.java:89)
	at com.microsoft.playwright.impl.FrameImpl.textContent(FrameImpl.java:809)
	at com.microsoft.playwright.impl.LocatorImpl.textContent(LocatorImpl.java:566)
	at com.microsoft.playwright.Locator.textContent(Locator.java:5090)
	at com.test.roku.utils.AssertionUtils.assertEquals(AssertionUtils.java:15)
	at com.test.roku.steps.ContactUsPageAssertions.assertErrorDisplayedForInvalidFormat(ContactUsPageAssertions.java:168)
	at com.test.roku.steps.ContactUsSteps.userShouldBeDisplayedInvalidFormatErrorMessage(ContactUsSteps.java:141)
	at ✽.User should be displayed invalid &quot;Phone&quot; format error message(file:///Users/sanju/Desktop/PlaywightJavaWorkSpace/PlayWrightJavaAutomation/src/test/java/features/contactUs.feature:87)
Caused by: com.microsoft.playwright.TimeoutError: Error {
  message=&apos;Timeout 30000ms exceeded.
  name=&apos;TimeoutError
  stack=&apos;TimeoutError: Timeout 30000ms exceeded.
    at ProgressController.run (/private/var/folders/m8/d_ml1jqs5rdf6m9md2pykmkh0000gn/T/playwright-java-4336040391069677089/package/lib/server/progress.js:87:26)
    at Frame._callOnElementOnceMatches (/private/var/folders/m8/d_ml1jqs5rdf6m9md2pykmkh0000gn/T/playwright-java-4336040391069677089/package/lib/server/frames.js:1399:23)
    at Frame.textContent (/private/var/folders/m8/d_ml1jqs5rdf6m9md2pykmkh0000gn/T/playwright-java-4336040391069677089/package/lib/server/frames.js:1056:17)
    at FrameDispatcher.textContent (/private/var/folders/m8/d_ml1jqs5rdf6m9md2pykmkh0000gn/T/playwright-java-4336040391069677089/package/lib/server/dispatchers/frameDispatcher.js:179:37)
    at FrameDispatcher._handleCommand (/private/var/folders/m8/d_ml1jqs5rdf6m9md2pykmkh0000gn/T/playwright-java-4336040391069677089/package/lib/server/dispatchers/dispatcher.js:94:40)
    at DispatcherConnection.dispatch (/private/var/folders/m8/d_ml1jqs5rdf6m9md2pykmkh0000gn/T/playwright-java-4336040391069677089/package/lib/server/dispatchers/dispatcher.js:362:39)
}
Call log:
- waiting for locator(&quot;.alert&quot;)

	at com.microsoft.playwright.impl.Connection.dispatch(Connection.java:254)
	at com.microsoft.playwright.impl.Connection.processOneMessage(Connection.java:209)
	at com.microsoft.playwright.impl.ChannelOwner.runUntil(ChannelOwner.java:118)
	at com.microsoft.playwright.impl.Connection.sendMessage(Connection.java:129)
	at com.microsoft.playwright.impl.ChannelOwner.sendMessage(ChannelOwner.java:106)
	at com.microsoft.playwright.impl.FrameImpl.textContentImpl(FrameImpl.java:818)
	at com.microsoft.playwright.impl.FrameImpl.lambda$textContent$38(FrameImpl.java:809)
	at com.microsoft.playwright.impl.LoggingSupport.withLogging(LoggingSupport.java:47)
	at com.microsoft.playwright.impl.ChannelOwner.withLogging(ChannelOwner.java:89)
	at com.microsoft.playwright.impl.FrameImpl.textContent(FrameImpl.java:809)
	at com.microsoft.playwright.impl.LocatorImpl.textContent(LocatorImpl.java:566)
	at com.microsoft.playwright.Locator.textContent(Locator.java:5090)
	at com.test.roku.utils.AssertionUtils.assertEquals(AssertionUtils.java:15)
	at com.test.roku.steps.ContactUsPageAssertions.assertErrorDisplayedForInvalidFormat(ContactUsPageAssertions.java:168)
	at com.test.roku.steps.ContactUsSteps.userShouldBeDisplayedInvalidFormatErrorMessage(ContactUsSteps.java:141)
	at io.cucumber.java.Invoker.doInvoke(Invoker.java:66)
	at io.cucumber.java.Invoker.invoke(Invoker.java:24)
	at io.cucumber.java.AbstractGlueDefinition.invokeMethod(AbstractGlueDefinition.java:47)
	at io.cucumber.java.JavaStepDefinition.execute(JavaStepDefinition.java:29)
	at io.cucumber.core.runner.CoreStepDefinition.execute(CoreStepDefinition.java:66)
	at io.cucumber.core.runner.PickleStepDefinitionMatch.runStep(PickleStepDefinitionMatch.java:63)
	at io.cucumber.core.runner.ExecutionMode$1.execute(ExecutionMode.java:10)
	at io.cucumber.core.runner.TestStep.executeStep(TestStep.java:86)
	at io.cucumber.core.runner.TestStep.run(TestStep.java:57)
	at io.cucumber.core.runner.PickleStepTestStep.run(PickleStepTestStep.java:51)
	at io.cucumber.core.runner.TestCase.run(TestCase.java:95)
	at io.cucumber.core.runner.Runner.runPickle(Runner.java:75)
	at io.cucumber.testng.TestNGCucumberRunner.lambda$runScenario$1(TestNGCucumberRunner.java:132)
	at io.cucumber.core.runtime.CucumberExecutionContext.lambda$runTestCase$3(CucumberExecutionContext.java:151)
	at io.cucumber.core.runtime.RethrowingThrowableCollector.executeAndThrow(RethrowingThrowableCollector.java:23)
	at io.cucumber.core.runtime.CucumberExecutionContext.runTestCase(CucumberExecutionContext.java:151)
	at io.cucumber.testng.TestNGCucumberRunner.runScenario(TestNGCucumberRunner.java:129)
	at io.cucumber.testng.AbstractTestNGCucumberTests.runScenario(AbstractTestNGCucumberTests.java:35)
	at java.base/java.util.ArrayList.forEach(ArrayList.java:1596)
... Removed 32 stack frames
</div> <!-- stack-trace -->
                  <em>
(Runs Cucumber Scenarios)                  </em>
                </div> <!-- method-content -->
              </div> <!-- method -->
              <div class="method">
                <div class="method-content">
                  <a name="runScenario(&quot;Verify user should not be able to submit invalid Name : &quot;!3654£!_$£%!&quot;&quot;, &quot;User should be able to su...)">
                  </a> <!-- runScenario("Verify user should not be able to submit invalid Name : "!3654£!_$£%!"", "User should be able to su...) -->
                  <span class="method-name">runScenario</span>
                  <span class="parameters">("Verify user should not be able to submit invalid Name : "!3654£!_$£%!"","User should be able to submit contact us request")</span>
                  <div class="stack-trace">com.microsoft.playwright.TimeoutError: Error {
  message=&apos;Timeout 30000ms exceeded.
  name=&apos;TimeoutError
  stack=&apos;TimeoutError: Timeout 30000ms exceeded.
    at ProgressController.run (/private/var/folders/m8/d_ml1jqs5rdf6m9md2pykmkh0000gn/T/playwright-java-4336040391069677089/package/lib/server/progress.js:87:26)
    at Frame._callOnElementOnceMatches (/private/var/folders/m8/d_ml1jqs5rdf6m9md2pykmkh0000gn/T/playwright-java-4336040391069677089/package/lib/server/frames.js:1399:23)
    at Frame.textContent (/private/var/folders/m8/d_ml1jqs5rdf6m9md2pykmkh0000gn/T/playwright-java-4336040391069677089/package/lib/server/frames.js:1056:17)
    at FrameDispatcher.textContent (/private/var/folders/m8/d_ml1jqs5rdf6m9md2pykmkh0000gn/T/playwright-java-4336040391069677089/package/lib/server/dispatchers/frameDispatcher.js:179:37)
    at FrameDispatcher._handleCommand (/private/var/folders/m8/d_ml1jqs5rdf6m9md2pykmkh0000gn/T/playwright-java-4336040391069677089/package/lib/server/dispatchers/dispatcher.js:94:40)
    at DispatcherConnection.dispatch (/private/var/folders/m8/d_ml1jqs5rdf6m9md2pykmkh0000gn/T/playwright-java-4336040391069677089/package/lib/server/dispatchers/dispatcher.js:362:39)
}
Call log:
- waiting for locator(&quot;.alert&quot;)

	at com.microsoft.playwright.impl.WaitableResult.get(WaitableResult.java:52)
	at com.microsoft.playwright.impl.ChannelOwner.runUntil(ChannelOwner.java:120)
	at com.microsoft.playwright.impl.Connection.sendMessage(Connection.java:129)
	at com.microsoft.playwright.impl.ChannelOwner.sendMessage(ChannelOwner.java:106)
	at com.microsoft.playwright.impl.FrameImpl.textContentImpl(FrameImpl.java:818)
	at com.microsoft.playwright.impl.FrameImpl.lambda$textContent$38(FrameImpl.java:809)
	at com.microsoft.playwright.impl.LoggingSupport.withLogging(LoggingSupport.java:47)
	at com.microsoft.playwright.impl.ChannelOwner.withLogging(ChannelOwner.java:89)
	at com.microsoft.playwright.impl.FrameImpl.textContent(FrameImpl.java:809)
	at com.microsoft.playwright.impl.LocatorImpl.textContent(LocatorImpl.java:566)
	at com.microsoft.playwright.Locator.textContent(Locator.java:5090)
	at com.test.roku.utils.AssertionUtils.assertEquals(AssertionUtils.java:15)
	at com.test.roku.steps.ContactUsPageAssertions.assertErrorDisplayedForInvalidFormat(ContactUsPageAssertions.java:168)
	at com.test.roku.steps.ContactUsSteps.userShouldBeDisplayedInvalidFormatErrorMessage(ContactUsSteps.java:141)
	at ✽.User should be displayed invalid &quot;Name&quot; format error message(file:///Users/sanju/Desktop/PlaywightJavaWorkSpace/PlayWrightJavaAutomation/src/test/java/features/contactUs.feature:60)
Caused by: com.microsoft.playwright.TimeoutError: Error {
  message=&apos;Timeout 30000ms exceeded.
  name=&apos;TimeoutError
  stack=&apos;TimeoutError: Timeout 30000ms exceeded.
    at ProgressController.run (/private/var/folders/m8/d_ml1jqs5rdf6m9md2pykmkh0000gn/T/playwright-java-4336040391069677089/package/lib/server/progress.js:87:26)
    at Frame._callOnElementOnceMatches (/private/var/folders/m8/d_ml1jqs5rdf6m9md2pykmkh0000gn/T/playwright-java-4336040391069677089/package/lib/server/frames.js:1399:23)
    at Frame.textContent (/private/var/folders/m8/d_ml1jqs5rdf6m9md2pykmkh0000gn/T/playwright-java-4336040391069677089/package/lib/server/frames.js:1056:17)
    at FrameDispatcher.textContent (/private/var/folders/m8/d_ml1jqs5rdf6m9md2pykmkh0000gn/T/playwright-java-4336040391069677089/package/lib/server/dispatchers/frameDispatcher.js:179:37)
    at FrameDispatcher._handleCommand (/private/var/folders/m8/d_ml1jqs5rdf6m9md2pykmkh0000gn/T/playwright-java-4336040391069677089/package/lib/server/dispatchers/dispatcher.js:94:40)
    at DispatcherConnection.dispatch (/private/var/folders/m8/d_ml1jqs5rdf6m9md2pykmkh0000gn/T/playwright-java-4336040391069677089/package/lib/server/dispatchers/dispatcher.js:362:39)
}
Call log:
- waiting for locator(&quot;.alert&quot;)

	at com.microsoft.playwright.impl.Connection.dispatch(Connection.java:254)
	at com.microsoft.playwright.impl.Connection.processOneMessage(Connection.java:209)
	at com.microsoft.playwright.impl.ChannelOwner.runUntil(ChannelOwner.java:118)
	at com.microsoft.playwright.impl.Connection.sendMessage(Connection.java:129)
	at com.microsoft.playwright.impl.ChannelOwner.sendMessage(ChannelOwner.java:106)
	at com.microsoft.playwright.impl.FrameImpl.textContentImpl(FrameImpl.java:818)
	at com.microsoft.playwright.impl.FrameImpl.lambda$textContent$38(FrameImpl.java:809)
	at com.microsoft.playwright.impl.LoggingSupport.withLogging(LoggingSupport.java:47)
	at com.microsoft.playwright.impl.ChannelOwner.withLogging(ChannelOwner.java:89)
	at com.microsoft.playwright.impl.FrameImpl.textContent(FrameImpl.java:809)
	at com.microsoft.playwright.impl.LocatorImpl.textContent(LocatorImpl.java:566)
	at com.microsoft.playwright.Locator.textContent(Locator.java:5090)
	at com.test.roku.utils.AssertionUtils.assertEquals(AssertionUtils.java:15)
	at com.test.roku.steps.ContactUsPageAssertions.assertErrorDisplayedForInvalidFormat(ContactUsPageAssertions.java:168)
	at com.test.roku.steps.ContactUsSteps.userShouldBeDisplayedInvalidFormatErrorMessage(ContactUsSteps.java:141)
	at io.cucumber.java.Invoker.doInvoke(Invoker.java:66)
	at io.cucumber.java.Invoker.invoke(Invoker.java:24)
	at io.cucumber.java.AbstractGlueDefinition.invokeMethod(AbstractGlueDefinition.java:47)
	at io.cucumber.java.JavaStepDefinition.execute(JavaStepDefinition.java:29)
	at io.cucumber.core.runner.CoreStepDefinition.execute(CoreStepDefinition.java:66)
	at io.cucumber.core.runner.PickleStepDefinitionMatch.runStep(PickleStepDefinitionMatch.java:63)
	at io.cucumber.core.runner.ExecutionMode$1.execute(ExecutionMode.java:10)
	at io.cucumber.core.runner.TestStep.executeStep(TestStep.java:86)
	at io.cucumber.core.runner.TestStep.run(TestStep.java:57)
	at io.cucumber.core.runner.PickleStepTestStep.run(PickleStepTestStep.java:51)
	at io.cucumber.core.runner.TestCase.run(TestCase.java:95)
	at io.cucumber.core.runner.Runner.runPickle(Runner.java:75)
	at io.cucumber.testng.TestNGCucumberRunner.lambda$runScenario$1(TestNGCucumberRunner.java:132)
	at io.cucumber.core.runtime.CucumberExecutionContext.lambda$runTestCase$3(CucumberExecutionContext.java:151)
	at io.cucumber.core.runtime.RethrowingThrowableCollector.executeAndThrow(RethrowingThrowableCollector.java:23)
	at io.cucumber.core.runtime.CucumberExecutionContext.runTestCase(CucumberExecutionContext.java:151)
	at io.cucumber.testng.TestNGCucumberRunner.runScenario(TestNGCucumberRunner.java:129)
	at io.cucumber.testng.AbstractTestNGCucumberTests.runScenario(AbstractTestNGCucumberTests.java:35)
	at java.base/java.util.ArrayList.forEach(ArrayList.java:1596)
... Removed 32 stack frames
</div> <!-- stack-trace -->
                  <em>
(Runs Cucumber Scenarios)                  </em>
                </div> <!-- method-content -->
              </div> <!-- method -->
            </div> <!-- main-panel-content rounded-window-bottom -->
          </div> <!-- suite-Surefire_suite-class-failed -->
          <div class="suite-Surefire_suite-class-passed">
            <div class="main-panel-header rounded-window-top">
              <img src="passed.png"/>
              <span class="class-name">runner.TestRunner</span>
            </div> <!-- main-panel-header rounded-window-top -->
            <div class="main-panel-content rounded-window-bottom">
              <div class="method">
                <div class="method-content">
                  <a name="runScenario(&quot;Verify user should be displayed the field labels&quot;, &quot;User should be able to submit contact us reques...)">
                  </a> <!-- runScenario("Verify user should be displayed the field labels", "User should be able to submit contact us reques...) -->
                  <span class="method-name">runScenario</span>
                  <span class="parameters">("Verify user should be displayed the field labels","User should be able to submit contact us request")</span>
                  <em>
(Runs Cucumber Scenarios)                  </em>
                </div> <!-- method-content -->
              </div> <!-- method -->
              <div class="method">
                <div class="method-content">
                  <a name="runScenario(&quot;Verify that user should be able to submit contact us form with valid successfully&quot;, &quot;User should be...)">
                  </a> <!-- runScenario("Verify that user should be able to submit contact us form with valid successfully", "User should be...) -->
                  <span class="method-name">runScenario</span>
                  <span class="parameters">("Verify that user should be able to submit contact us form with valid successfully","User should be able to submit contact us request")</span>
                  <em>
(Runs Cucumber Scenarios)                  </em>
                </div> <!-- method-content -->
              </div> <!-- method -->
              <div class="method">
                <div class="method-content">
                  <a name="runScenario(&quot;Verify user should not be able to submit out of range Phone Number : &quot;777&quot;&quot;, &quot;User should be able t...)">
                  </a> <!-- runScenario("Verify user should not be able to submit out of range Phone Number : "777"", "User should be able t...) -->
                  <span class="method-name">runScenario</span>
                  <span class="parameters">("Verify user should not be able to submit out of range Phone Number : "777"","User should be able to submit contact us request")</span>
                  <em>
(Runs Cucumber Scenarios)                  </em>
                </div> <!-- method-content -->
              </div> <!-- method -->
              <div class="method">
                <div class="method-content">
                  <a name="runScenario(&quot;Verify user should not be able to submit out of range Subject : &quot;qwe&quot;&quot;, &quot;User should be able to sub...)">
                  </a> <!-- runScenario("Verify user should not be able to submit out of range Subject : "qwe"", "User should be able to sub...) -->
                  <span class="method-name">runScenario</span>
                  <span class="parameters">("Verify user should not be able to submit out of range Subject : "qwe"","User should be able to submit contact us request")</span>
                  <em>
(Runs Cucumber Scenarios)                  </em>
                </div> <!-- method-content -->
              </div> <!-- method -->
              <div class="method">
                <div class="method-content">
                  <a name="runScenario(&quot;Verify user should be displayed the field labels&quot;, &quot;User should be able to submit contact us reques...)">
                  </a> <!-- runScenario("Verify user should be displayed the field labels", "User should be able to submit contact us reques...) -->
                  <span class="method-name">runScenario</span>
                  <span class="parameters">("Verify user should be displayed the field labels","User should be able to submit contact us request")</span>
                  <em>
(Runs Cucumber Scenarios)                  </em>
                </div> <!-- method-content -->
              </div> <!-- method -->
              <div class="method">
                <div class="method-content">
                  <a name="runScenario(&quot;Verify user should be displayed the field labels&quot;, &quot;User should be able to submit contact us reques...)">
                  </a> <!-- runScenario("Verify user should be displayed the field labels", "User should be able to submit contact us reques...) -->
                  <span class="method-name">runScenario</span>
                  <span class="parameters">("Verify user should be displayed the field labels","User should be able to submit contact us request")</span>
                  <em>
(Runs Cucumber Scenarios)                  </em>
                </div> <!-- method-content -->
              </div> <!-- method -->
              <div class="method">
                <div class="method-content">
                  <a name="runScenario(&quot;Verify user should be displayed the field labels&quot;, &quot;User should be able to submit contact us reques...)">
                  </a> <!-- runScenario("Verify user should be displayed the field labels", "User should be able to submit contact us reques...) -->
                  <span class="method-name">runScenario</span>
                  <span class="parameters">("Verify user should be displayed the field labels","User should be able to submit contact us request")</span>
                  <em>
(Runs Cucumber Scenarios)                  </em>
                </div> <!-- method-content -->
              </div> <!-- method -->
              <div class="method">
                <div class="method-content">
                  <a name="runScenario(&quot;Verify user should be displayed the field specific icons&quot;, &quot;User should be able to submit contact u...)">
                  </a> <!-- runScenario("Verify user should be displayed the field specific icons", "User should be able to submit contact u...) -->
                  <span class="method-name">runScenario</span>
                  <span class="parameters">("Verify user should be displayed the field specific icons","User should be able to submit contact us request")</span>
                  <em>
(Runs Cucumber Scenarios)                  </em>
                </div> <!-- method-content -->
              </div> <!-- method -->
              <div class="method">
                <div class="method-content">
                  <a name="runScenario(&quot;Verify user should not be able to submit invalid Email : &quot;missingDomain@&quot;&quot;, &quot;User should be able to...)">
                  </a> <!-- runScenario("Verify user should not be able to submit invalid Email : "missingDomain@"", "User should be able to...) -->
                  <span class="method-name">runScenario</span>
                  <span class="parameters">("Verify user should not be able to submit invalid Email : "missingDomain@"","User should be able to submit contact us request")</span>
                  <em>
(Runs Cucumber Scenarios)                  </em>
                </div> <!-- method-content -->
              </div> <!-- method -->
              <div class="method">
                <div class="method-content">
                  <a name="runScenario(&quot;Verify user should not be able to submit invalid Email : &quot;missingCom@xyz.&quot;&quot;, &quot;User should be able t...)">
                  </a> <!-- runScenario("Verify user should not be able to submit invalid Email : "missingCom@xyz."", "User should be able t...) -->
                  <span class="method-name">runScenario</span>
                  <span class="parameters">("Verify user should not be able to submit invalid Email : "missingCom@xyz."","User should be able to submit contact us request")</span>
                  <em>
(Runs Cucumber Scenarios)                  </em>
                </div> <!-- method-content -->
              </div> <!-- method -->
              <div class="method">
                <div class="method-content">
                  <a name="runScenario(&quot;Verify user should not be able to submit out of range message : &quot;lessThanTwenty&quot;&quot;, &quot;User should be ...)">
                  </a> <!-- runScenario("Verify user should not be able to submit out of range message : "lessThanTwenty"", "User should be ...) -->
                  <span class="method-name">runScenario</span>
                  <span class="parameters">("Verify user should not be able to submit out of range message : "lessThanTwenty"","User should be able to submit contact us request")</span>
                  <em>
(Runs Cucumber Scenarios)                  </em>
                </div> <!-- method-content -->
              </div> <!-- method -->
              <div class="method">
                <div class="method-content">
                  <a name="runScenario(&quot;Verify user should not be able to submit invalid Email : &quot;invalidEmailMissingAt.com&quot;&quot;, &quot;User should...)">
                  </a> <!-- runScenario("Verify user should not be able to submit invalid Email : "invalidEmailMissingAt.com"", "User should...) -->
                  <span class="method-name">runScenario</span>
                  <span class="parameters">("Verify user should not be able to submit invalid Email : "invalidEmailMissingAt.com"","User should be able to submit contact us request")</span>
                  <em>
(Runs Cucumber Scenarios)                  </em>
                </div> <!-- method-content -->
              </div> <!-- method -->
              <div class="method">
                <div class="method-content">
                  <a name="runScenario(&quot;Verify user should not be able to submit invalid Email : &quot;spaces not@allowed.com&quot;&quot;, &quot;User should be...)">
                  </a> <!-- runScenario("Verify user should not be able to submit invalid Email : "spaces not@allowed.com"", "User should be...) -->
                  <span class="method-name">runScenario</span>
                  <span class="parameters">("Verify user should not be able to submit invalid Email : "spaces not@allowed.com"","User should be able to submit contact us request")</span>
                  <em>
(Runs Cucumber Scenarios)                  </em>
                </div> <!-- method-content -->
              </div> <!-- method -->
              <div class="method">
                <div class="method-content">
                  <a name="runScenario(&quot;Verify user should not be able to submit out of range message : &quot;MessageTextWithMoreThan2000Charact...)">
                  </a> <!-- runScenario("Verify user should not be able to submit out of range message : "MessageTextWithMoreThan2000Charact...) -->
                  <span class="method-name">runScenario</span>
                  <span class="parameters">("Verify user should not be able to submit out of range message : "MessageTextWithMoreThan2000CharactersopasdfghjklzxcvbnmqwertyuiopasdfghjklzxcvbnmqwertyuiopasdfghjklzxcvbnmqwertyuiopasdfghjklzxcvbnmqwertyuiopasdfghjklzxcvbnmqwertyuiopasdfghjklzxcvbnmqwertyuiopasdfghjklzxcvbnmqwertyuiopasdfghjklzxcvbnmqwertyuiopasdfghjklzxcvbnmqwertyuiopasdfghjopasdfghjklzxcvbnmqwertyuiopasdfghjklzxcvbnmqwertyuiopasdfghjklzxcvbnmqwertyuiopasdfghjklzxcvbnmqwertyuiopasdfghjklzxcvbnmqwertyuiopasdfghjklzxcvbnmqwertyuiopasdfghjklzxcvbnmqwertyuiopasdfghjklzxcvbnmqwertyuiopasdfghjklzxcvbnmqwertyuiopasdfghjklzxcvbnmqwertyuiopasdfghjklzxcvbnmqwertyuiopasdfghjklzxcvbnmqwertyuiopasdfghjklzxcvbnmqwertyuiopasdfghjklzxcvbnmqwertyuiopasdfghjklzxcvbnmqwertyuiopasdfghjklzxcvbnmqwertyuiopasdfghjklzxcvbnmqwertyuiopasdfghjklzxcvbnmqwertyuiopasdfghjbnmqwertyuiopasdfghjklzxcvbnmqwertyuiopasdfghjklzxcvbnmqwertyuiopasdfghjklzxcvbnmqwertyuiopasdfghjklzxcvbnmqwertyuiopasdfghjklzxcvbnmqwertyuiopasdfghjklzxcvbnmqwertyuiopasdfghjklzxcvbnmqwertyuiopasdfghjklzxcvbnmqwertyuiopasdfghjklzxcvbnmqwertyuiopasdfghjklzxcvbnmqwertyuiopasdfghjklzxcvbnmqwertyuiopasdfghjklzxcvbnmqwertyuiopasdfghjklzxcvbnmqwertyuiopasdfghjklzxcvbnmqwertyuiopasdfghjklzxcvbnmqwertyuiopasdfghjklzxcvbnmqwertyuiopasdfghjklzxcvbnmqwertyuiopasdfghjklzxcvbnfghjklzxcvbnmqwertyuiopasdfghjklzxcvbnmqwertyuiopasdfghjklzxcvbnmqwertyuiopasdfghjklzxcvbnmqwertyuiopasdfghjklzxcvbnmqwertyuiopasdfghjklzxcvbnmqwertyuiopasdfghjklzxcvbnmqwertyuiopasdfghjklzxcvbnmqwertyuiopasdfghjklzxcvbnmqwertyuiopasdfghjklzxcvbnmqwertyuiopasdfghjklzxcvbnmqwertyuiopasdfghjklzxcvbnmqwertyuiopasdfghjklzxcvbnmqwertyuiopasdfghjklzxcvbnmqwertyuiopasdfghjklzxcvbnmqwertyuiopasdfghjklzxcvbnmqwertyuiopasdfghjklzxcvbnmqwertyuiopasdfghjklzxcvbnmqwertyuiopasdfghjklzxcvbnmqwertyuiopasdfghjklzxcvbnmqwertyuiopasdfghjklzxcvbnmqwertyuiopasdfghjklzxcvbnmqwertyuiopasdfghjklzxcvbnmqwertyuiopasdfghjklzxcvbnmqwertyuiopasdfghjklzxcvbnmqwertyuiopasdfghjklzxcvbnmqwertyuiopasdfghjklzxcvbnmqwertyuiopasdfghjklzxcvbnmqwertyuiopasdfghjklzxcvbnmqwertyuiopasdfghjklzxcvbnmqwertyuiopasdfghjklzxcvbnmqwertyuiopasdfghjklzxcvbnmqwertyuiopasdfghjklzxcvbnmqwertyuiopasdfghjklzxcvbnmqwertyuiopasdfghjklzxcvbnmqwertyuiopasdfghjklzxcvbnmQRSTUVWXYZ"","User should be able to submit contact us request")</span>
                  <em>
(Runs Cucumber Scenarios)                  </em>
                </div> <!-- method-content -->
              </div> <!-- method -->
              <div class="method">
                <div class="method-content">
                  <a name="runScenario(&quot;Verify user should not be able to submit out of range Phone Number : &quot;777711112222333344445555&quot;&quot;, &quot;...)">
                  </a> <!-- runScenario("Verify user should not be able to submit out of range Phone Number : "777711112222333344445555"", "...) -->
                  <span class="method-name">runScenario</span>
                  <span class="parameters">("Verify user should not be able to submit out of range Phone Number : "777711112222333344445555"","User should be able to submit contact us request")</span>
                  <em>
(Runs Cucumber Scenarios)                  </em>
                </div> <!-- method-content -->
              </div> <!-- method -->
              <div class="method">
                <div class="method-content">
                  <a name="runScenario(&quot;Verify user should not be able to submit invalid Email : &quot;@missingUserName.com&quot;&quot;, &quot;User should be a...)">
                  </a> <!-- runScenario("Verify user should not be able to submit invalid Email : "@missingUserName.com"", "User should be a...) -->
                  <span class="method-name">runScenario</span>
                  <span class="parameters">("Verify user should not be able to submit invalid Email : "@missingUserName.com"","User should be able to submit contact us request")</span>
                  <em>
(Runs Cucumber Scenarios)                  </em>
                </div> <!-- method-content -->
              </div> <!-- method -->
              <div class="method">
                <div class="method-content">
                  <a name="runScenario(&quot;Verify user should not be able to submit invalid Email : &quot;double..dots@domain.com&quot;&quot;, &quot;User should b...)">
                  </a> <!-- runScenario("Verify user should not be able to submit invalid Email : "double..dots@domain.com"", "User should b...) -->
                  <span class="method-name">runScenario</span>
                  <span class="parameters">("Verify user should not be able to submit invalid Email : "double..dots@domain.com"","User should be able to submit contact us request")</span>
                  <em>
(Runs Cucumber Scenarios)                  </em>
                </div> <!-- method-content -->
              </div> <!-- method -->
              <div class="method">
                <div class="method-content">
                  <a name="runScenario(&quot;Verify user should be displayed the field specific icons&quot;, &quot;User should be able to submit contact u...)">
                  </a> <!-- runScenario("Verify user should be displayed the field specific icons", "User should be able to submit contact u...) -->
                  <span class="method-name">runScenario</span>
                  <span class="parameters">("Verify user should be displayed the field specific icons","User should be able to submit contact us request")</span>
                  <em>
(Runs Cucumber Scenarios)                  </em>
                </div> <!-- method-content -->
              </div> <!-- method -->
              <div class="method">
                <div class="method-content">
                  <a name="runScenario(&quot;Verify user should be displayed the field specific icons&quot;, &quot;User should be able to submit contact u...)">
                  </a> <!-- runScenario("Verify user should be displayed the field specific icons", "User should be able to submit contact u...) -->
                  <span class="method-name">runScenario</span>
                  <span class="parameters">("Verify user should be displayed the field specific icons","User should be able to submit contact us request")</span>
                  <em>
(Runs Cucumber Scenarios)                  </em>
                </div> <!-- method-content -->
              </div> <!-- method -->
              <div class="method">
                <div class="method-content">
                  <a name="runScenario(&quot;Verify user should not be able to submit invalid Email : &quot;missingAtDotCom&quot;&quot;, &quot;User should be able t...)">
                  </a> <!-- runScenario("Verify user should not be able to submit invalid Email : "missingAtDotCom"", "User should be able t...) -->
                  <span class="method-name">runScenario</span>
                  <span class="parameters">("Verify user should not be able to submit invalid Email : "missingAtDotCom"","User should be able to submit contact us request")</span>
                  <em>
(Runs Cucumber Scenarios)                  </em>
                </div> <!-- method-content -->
              </div> <!-- method -->
              <div class="method">
                <div class="method-content">
                  <a name="runScenario(&quot;Verify user should not be able to submit out of range Subject : &quot;qwertyuiopasdfghjklzxcvbnmqwertyui...)">
                  </a> <!-- runScenario("Verify user should not be able to submit out of range Subject : "qwertyuiopasdfghjklzxcvbnmqwertyui...) -->
                  <span class="method-name">runScenario</span>
                  <span class="parameters">("Verify user should not be able to submit out of range Subject : "qwertyuiopasdfghjklzxcvbnmqwertyuiopasdfghjklzxcvbnmqwertyuiopasdfghjklzxcvbnmqwertyuiopasdfghjklzxcvbnmqwertyuiopasdfghjklzxcvbnmqwertyuiopasdfghjklzxcvbnm"","User should be able to submit contact us request")</span>
                  <em>
(Runs Cucumber Scenarios)                  </em>
                </div> <!-- method-content -->
              </div> <!-- method -->
            </div> <!-- main-panel-content rounded-window-bottom -->
          </div> <!-- suite-Surefire_suite-class-passed -->
        </div> <!-- panel Surefire_suite -->
        <div panel-name="test-xml-Surefire_suite" class="panel">
          <div class="main-panel-header rounded-window-top">
          </div> <!-- main-panel-header rounded-window-top -->
          <div class="main-panel-content rounded-window-bottom">
            <pre>
&lt;?xml version=&quot;1.0&quot; encoding=&quot;UTF-8&quot;?&gt;
&lt;!DOCTYPE suite SYSTEM &quot;https://testng.org/testng-1.0.dtd&quot;&gt;
&lt;suite name=&quot;Surefire suite&quot; verbose=&quot;0&quot;&gt;
  &lt;test thread-count=&quot;5&quot; name=&quot;Surefire test&quot; verbose=&quot;0&quot;&gt;
    &lt;classes&gt;
      &lt;class name=&quot;runner.TestRunner&quot;/&gt;
    &lt;/classes&gt;
  &lt;/test&gt; &lt;!-- Surefire test --&gt;
&lt;/suite&gt; &lt;!-- Surefire suite --&gt;
            </pre>
          </div> <!-- main-panel-content rounded-window-bottom -->
        </div> <!-- panel -->
        <div panel-name="testlist-Surefire_suite" class="panel">
          <div class="main-panel-header rounded-window-top">
            <span class="header-content">Tests for Surefire suite</span>
          </div> <!-- main-panel-header rounded-window-top -->
          <div class="main-panel-content rounded-window-bottom">
            <ul>
              <li>
                <span class="test-name">Surefire test (1 class)</span>
              </li>
            </ul>
          </div> <!-- main-panel-content rounded-window-bottom -->
        </div> <!-- panel -->
        <div panel-name="group-Surefire_suite" class="panel">
          <div class="main-panel-header rounded-window-top">
            <span class="header-content">Groups for Surefire suite</span>
          </div> <!-- main-panel-header rounded-window-top -->
          <div class="main-panel-content rounded-window-bottom">
            <div class="test-group">
              <span class="test-group-name">cucumber</span>
              <br/>
              <div class="method-in-group">
                <span class="method-in-group-name">runScenario</span>
                <br/>
              </div> <!-- method-in-group -->
            </div> <!-- test-group -->
          </div> <!-- main-panel-content rounded-window-bottom -->
        </div> <!-- panel -->
        <div panel-name="times-Surefire_suite" class="panel">
          <div class="main-panel-header rounded-window-top">
            <span class="header-content">Times for Surefire suite</span>
          </div> <!-- main-panel-header rounded-window-top -->
          <div class="main-panel-content rounded-window-bottom">
            <div class="times-div">
              <script type="text/javascript">
suiteTableInitFunctions.push('tableData_Surefire_suite');
function tableData_Surefire_suite() {
var data = new google.visualization.DataTable();
data.addColumn('number', 'Number');
data.addColumn('string', 'Method');
data.addColumn('string', 'Class');
data.addColumn('number', 'Time (ms)');
data.addRows(35);
data.setCell(0, 0, 0)
data.setCell(0, 1, 'runScenario')
data.setCell(0, 2, 'runner.TestRunner')
data.setCell(0, 3, 146153);
data.setCell(1, 0, 1)
data.setCell(1, 1, 'runScenario')
data.setCell(1, 2, 'runner.TestRunner')
data.setCell(1, 3, 32254);
data.setCell(2, 0, 2)
data.setCell(2, 1, 'runScenario')
data.setCell(2, 2, 'runner.TestRunner')
data.setCell(2, 3, 32067);
data.setCell(3, 0, 3)
data.setCell(3, 1, 'runScenario')
data.setCell(3, 2, 'runner.TestRunner')
data.setCell(3, 3, 32048);
data.setCell(4, 0, 4)
data.setCell(4, 1, 'runScenario')
data.setCell(4, 2, 'runner.TestRunner')
data.setCell(4, 3, 31945);
data.setCell(5, 0, 5)
data.setCell(5, 1, 'runScenario')
data.setCell(5, 2, 'runner.TestRunner')
data.setCell(5, 3, 31860);
data.setCell(6, 0, 6)
data.setCell(6, 1, 'runScenario')
data.setCell(6, 2, 'runner.TestRunner')
data.setCell(6, 3, 31851);
data.setCell(7, 0, 7)
data.setCell(7, 1, 'runScenario')
data.setCell(7, 2, 'runner.TestRunner')
data.setCell(7, 3, 31833);
data.setCell(8, 0, 8)
data.setCell(8, 1, 'runScenario')
data.setCell(8, 2, 'runner.TestRunner')
data.setCell(8, 3, 31819);
data.setCell(9, 0, 9)
data.setCell(9, 1, 'runScenario')
data.setCell(9, 2, 'runner.TestRunner')
data.setCell(9, 3, 31656);
data.setCell(10, 0, 10)
data.setCell(10, 1, 'runScenario')
data.setCell(10, 2, 'runner.TestRunner')
data.setCell(10, 3, 31583);
data.setCell(11, 0, 11)
data.setCell(11, 1, 'runScenario')
data.setCell(11, 2, 'runner.TestRunner')
data.setCell(11, 3, 5226);
data.setCell(12, 0, 12)
data.setCell(12, 1, 'runScenario')
data.setCell(12, 2, 'runner.TestRunner')
data.setCell(12, 3, 2138);
data.setCell(13, 0, 13)
data.setCell(13, 1, 'runScenario')
data.setCell(13, 2, 'runner.TestRunner')
data.setCell(13, 3, 2038);
data.setCell(14, 0, 14)
data.setCell(14, 1, 'runScenario')
data.setCell(14, 2, 'runner.TestRunner')
data.setCell(14, 3, 2037);
data.setCell(15, 0, 15)
data.setCell(15, 1, 'runScenario')
data.setCell(15, 2, 'runner.TestRunner')
data.setCell(15, 3, 1955);
data.setCell(16, 0, 16)
data.setCell(16, 1, 'runScenario')
data.setCell(16, 2, 'runner.TestRunner')
data.setCell(16, 3, 1869);
data.setCell(17, 0, 17)
data.setCell(17, 1, 'runScenario')
data.setCell(17, 2, 'runner.TestRunner')
data.setCell(17, 3, 1818);
data.setCell(18, 0, 18)
data.setCell(18, 1, 'runScenario')
data.setCell(18, 2, 'runner.TestRunner')
data.setCell(18, 3, 1771);
data.setCell(19, 0, 19)
data.setCell(19, 1, 'runScenario')
data.setCell(19, 2, 'runner.TestRunner')
data.setCell(19, 3, 1696);
data.setCell(20, 0, 20)
data.setCell(20, 1, 'runScenario')
data.setCell(20, 2, 'runner.TestRunner')
data.setCell(20, 3, 1654);
data.setCell(21, 0, 21)
data.setCell(21, 1, 'runScenario')
data.setCell(21, 2, 'runner.TestRunner')
data.setCell(21, 3, 1652);
data.setCell(22, 0, 22)
data.setCell(22, 1, 'runScenario')
data.setCell(22, 2, 'runner.TestRunner')
data.setCell(22, 3, 1600);
data.setCell(23, 0, 23)
data.setCell(23, 1, 'runScenario')
data.setCell(23, 2, 'runner.TestRunner')
data.setCell(23, 3, 1583);
data.setCell(24, 0, 24)
data.setCell(24, 1, 'runScenario')
data.setCell(24, 2, 'runner.TestRunner')
data.setCell(24, 3, 1562);
data.setCell(25, 0, 25)
data.setCell(25, 1, 'runScenario')
data.setCell(25, 2, 'runner.TestRunner')
data.setCell(25, 3, 1545);
data.setCell(26, 0, 26)
data.setCell(26, 1, 'runScenario')
data.setCell(26, 2, 'runner.TestRunner')
data.setCell(26, 3, 1527);
data.setCell(27, 0, 27)
data.setCell(27, 1, 'runScenario')
data.setCell(27, 2, 'runner.TestRunner')
data.setCell(27, 3, 1517);
data.setCell(28, 0, 28)
data.setCell(28, 1, 'runScenario')
data.setCell(28, 2, 'runner.TestRunner')
data.setCell(28, 3, 1458);
data.setCell(29, 0, 29)
data.setCell(29, 1, 'runScenario')
data.setCell(29, 2, 'runner.TestRunner')
data.setCell(29, 3, 1432);
data.setCell(30, 0, 30)
data.setCell(30, 1, 'runScenario')
data.setCell(30, 2, 'runner.TestRunner')
data.setCell(30, 3, 1409);
data.setCell(31, 0, 31)
data.setCell(31, 1, 'runScenario')
data.setCell(31, 2, 'runner.TestRunner')
data.setCell(31, 3, 1382);
data.setCell(32, 0, 32)
data.setCell(32, 1, 'runScenario')
data.setCell(32, 2, 'runner.TestRunner')
data.setCell(32, 3, 1381);
data.setCell(33, 0, 33)
data.setCell(33, 1, 'runScenario')
data.setCell(33, 2, 'runner.TestRunner')
data.setCell(33, 3, 1374);
data.setCell(34, 0, 34)
data.setCell(34, 1, 'runScenario')
data.setCell(34, 2, 'runner.TestRunner')
data.setCell(34, 3, 1248);
window.suiteTableData['Surefire_suite']= { tableData: data, tableDiv: 'times-div-Surefire_suite'}
return data;
}
              </script>
              <span class="suite-total-time">Total running time: 8 minutes</span>
              <div id="times-div-Surefire_suite">
              </div> <!-- times-div-Surefire_suite -->
            </div> <!-- times-div -->
          </div> <!-- main-panel-content rounded-window-bottom -->
        </div> <!-- panel -->
        <div panel-name="reporter-Surefire_suite" class="panel">
          <div class="main-panel-header rounded-window-top">
            <span class="header-content">Reporter output for Surefire suite</span>
          </div> <!-- main-panel-header rounded-window-top -->
          <div class="main-panel-content rounded-window-bottom">
          </div> <!-- main-panel-content rounded-window-bottom -->
        </div> <!-- panel -->
        <div panel-name="ignored-methods-Surefire_suite" class="panel">
          <div class="main-panel-header rounded-window-top">
            <span class="header-content">0 ignored methods</span>
          </div> <!-- main-panel-header rounded-window-top -->
          <div class="main-panel-content rounded-window-bottom">
          </div> <!-- main-panel-content rounded-window-bottom -->
        </div> <!-- panel -->
        <div panel-name="chronological-Surefire_suite" class="panel">
          <div class="main-panel-header rounded-window-top">
            <span class="header-content">Methods in chronological order</span>
          </div> <!-- main-panel-header rounded-window-top -->
          <div class="main-panel-content rounded-window-bottom">
            <div class="chronological-class">
              <div class="chronological-class-name">runner.TestRunner</div> <!-- chronological-class-name -->
              <div class="configuration-class before">
                <span class="method-name">setUpClass(org.testng.TestRunner@514cd540)</span>
                <span class="method-start">0 ms</span>
              </div> <!-- configuration-class before -->
              <div class="test-method">
                <span class="method-name">runScenario("Verify user should be displayed the field specific icons", "User should be able to submit contact u...)</span>
                <span class="method-start">236 ms</span>
              </div> <!-- test-method -->
              <div class="test-method">
                <span class="method-name">runScenario("Verify user should be displayed the field specific icons", "User should be able to submit contact u...)</span>
                <span class="method-start">5464 ms</span>
              </div> <!-- test-method -->
              <div class="test-method">
                <img src="failed.png">
                </img>
                <span class="method-name">runScenario("Verify user should be displayed the field specific icons", "User should be able to submit contact u...)</span>
                <span class="method-start">7503 ms</span>
              </div> <!-- test-method -->
              <div class="test-method">
                <span class="method-name">runScenario("Verify user should be displayed the field specific icons", "User should be able to submit contact u...)</span>
                <span class="method-start">8941 ms</span>
              </div> <!-- test-method -->
              <div class="test-method">
                <img src="failed.png">
                </img>
                <span class="method-name">runScenario("Verify user should be displayed the message filed caption", "User should be able to submit contact ...)</span>
                <span class="method-start">10760 ms</span>
              </div> <!-- test-method -->
              <div class="test-method">
                <span class="method-name">runScenario("Verify user should be displayed the field labels", "User should be able to submit contact us reques...)</span>
                <span class="method-start">12219 ms</span>
              </div> <!-- test-method -->
              <div class="test-method">
                <span class="method-name">runScenario("Verify user should be displayed the field labels", "User should be able to submit contact us reques...)</span>
                <span class="method-start">13467 ms</span>
              </div> <!-- test-method -->
              <div class="test-method">
                <span class="method-name">runScenario("Verify user should be displayed the field labels", "User should be able to submit contact us reques...)</span>
                <span class="method-start">14876 ms</span>
              </div> <!-- test-method -->
              <div class="test-method">
                <span class="method-name">runScenario("Verify user should be displayed the field labels", "User should be able to submit contact us reques...)</span>
                <span class="method-start">16259 ms</span>
              </div> <!-- test-method -->
              <div class="test-method">
                <span class="method-name">runScenario("Verify that user should be able to submit contact us form with valid successfully", "User should be...)</span>
                <span class="method-start">17634 ms</span>
              </div> <!-- test-method -->
              <div class="test-method">
                <img src="failed.png">
                </img>
                <span class="method-name">runScenario("Verify user should see error message with invalid information", "User should be able to submit cont...)</span>
                <span class="method-start">19773 ms</span>
              </div> <!-- test-method -->
              <div class="test-method">
                <img src="failed.png">
                </img>
                <span class="method-name">runScenario("Verify user should not be able to submit invalid Name : "@£$%^&*($%^&"", "User should be able to su...)</span>
                <span class="method-start">21729 ms</span>
              </div> <!-- test-method -->
              <div class="test-method">
                <img src="failed.png">
                </img>
                <span class="method-name">runScenario("Verify user should not be able to submit invalid Name : "123456789"", "User should be able to submi...)</span>
                <span class="method-start">53782 ms</span>
              </div> <!-- test-method -->
              <div class="test-method">
                <img src="failed.png">
                </img>
                <span class="method-name">runScenario("Verify user should not be able to submit invalid Name : "!3654£!_$£%!"", "User should be able to su...)</span>
                <span class="method-start">85635 ms</span>
              </div> <!-- test-method -->
              <div class="test-method">
                <span class="method-name">runScenario("Verify user should not be able to submit invalid Email : "@missingUserName.com"", "User should be a...)</span>
                <span class="method-start">117584 ms</span>
              </div> <!-- test-method -->
              <div class="test-method">
                <span class="method-name">runScenario("Verify user should not be able to submit invalid Email : "missingAtDotCom"", "User should be able t...)</span>
                <span class="method-start">119356 ms</span>
              </div> <!-- test-method -->
              <div class="test-method">
                <span class="method-name">runScenario("Verify user should not be able to submit invalid Email : "missingDomain@"", "User should be able to...)</span>
                <span class="method-start">121394 ms</span>
              </div> <!-- test-method -->
              <div class="test-method">
                <img src="failed.png">
                </img>
                <span class="method-name">runScenario("Verify user should not be able to submit invalid Email : "missingDotComFromDomain@c"", "User should...)</span>
                <span class="method-start">122940 ms</span>
              </div> <!-- test-method -->
              <div class="test-method">
                <span class="method-name">runScenario("Verify user should not be able to submit invalid Email : "missingCom@xyz."", "User should be able t...)</span>
                <span class="method-start">154525 ms</span>
              </div> <!-- test-method -->
              <div class="test-method">
                <span class="method-name">runScenario("Verify user should not be able to submit invalid Email : "invalidEmailMissingAt.com"", "User should...)</span>
                <span class="method-start">156177 ms</span>
              </div> <!-- test-method -->
              <div class="test-method">
                <span class="method-name">runScenario("Verify user should not be able to submit invalid Email : "spaces not@allowed.com"", "User should be...)</span>
                <span class="method-start">157743 ms</span>
              </div> <!-- test-method -->
              <div class="test-method">
                <span class="method-name">runScenario("Verify user should not be able to submit invalid Email : "double..dots@domain.com"", "User should b...)</span>
                <span class="method-start">159124 ms</span>
              </div> <!-- test-method -->
              <div class="test-method">
                <img src="failed.png">
                </img>
                <span class="method-name">runScenario("Verify user should not be able to submit invalid Phone Number : "stringAsPhoneNumber"", "User shoul...)</span>
                <span class="method-start">160641 ms</span>
              </div> <!-- test-method -->
              <div class="test-method">
                <img src="failed.png">
                </img>
                <span class="method-name">runScenario("Verify user should not be able to submit invalid Phone Number : "stringWith42353254"", "User should...)</span>
                <span class="method-start">192299 ms</span>
              </div> <!-- test-method -->
              <div class="test-method">
                <img src="failed.png">
                </img>
                <span class="method-name">runScenario("Verify user should not be able to submit invalid Phone Number : "!@£$%^&*%^&*"", "User should be ab...)</span>
                <span class="method-start">224162 ms</span>
              </div> <!-- test-method -->
              <div class="test-method">
                <img src="failed.png">
                </img>
                <span class="method-name">runScenario("Verify user should not be able to submit invalid Phone Number : "+76726374627642"", "User should be...)</span>
                <span class="method-start">255997 ms</span>
              </div> <!-- test-method -->
              <div class="test-method">
                <img src="failed.png">
                </img>
                <span class="method-name">runScenario("Verify user should not be able to submit invalid Phone Number : "+76 726374627642"", "User should b...)</span>
                <span class="method-start">287822 ms</span>
              </div> <!-- test-method -->
              <div class="test-method">
                <img src="failed.png">
                </img>
                <span class="method-name">runScenario("Verify user should not be able to submit invalid Phone Number : "564 792 007"", "User should be abl...)</span>
                <span class="method-start">433980 ms</span>
              </div> <!-- test-method -->
              <div class="test-method">
                <img src="failed.png">
                </img>
                <span class="method-name">runScenario("Verify user should not be able to submit invalid Phone Number : "777-111-222"", "User should be abl...)</span>
                <span class="method-start">466054 ms</span>
              </div> <!-- test-method -->
              <div class="test-method">
                <span class="method-name">runScenario("Verify user should not be able to submit out of range Phone Number : "777"", "User should be able t...)</span>
                <span class="method-start">498309 ms</span>
              </div> <!-- test-method -->
              <div class="test-method">
                <span class="method-name">runScenario("Verify user should not be able to submit out of range Phone Number : "777711112222333344445555"", "...)</span>
                <span class="method-start">500179 ms</span>
              </div> <!-- test-method -->
              <div class="test-method">
                <span class="method-name">runScenario("Verify user should not be able to submit out of range Subject : "qwe"", "User should be able to sub...)</span>
                <span class="method-start">501833 ms</span>
              </div> <!-- test-method -->
              <div class="test-method">
                <span class="method-name">runScenario("Verify user should not be able to submit out of range Subject : "qwertyuiopasdfghjklzxcvbnmqwertyui...)</span>
                <span class="method-start">503416 ms</span>
              </div> <!-- test-method -->
              <div class="test-method">
                <span class="method-name">runScenario("Verify user should not be able to submit out of range message : "lessThanTwenty"", "User should be ...)</span>
                <span class="method-start">505017 ms</span>
              </div> <!-- test-method -->
              <div class="test-method">
                <span class="method-name">runScenario("Verify user should not be able to submit out of range message : "MessageTextWithMoreThan2000Charact...)</span>
                <span class="method-start">506545 ms</span>
              </div> <!-- test-method -->
              <div class="configuration-class after">
                <span class="method-name">tearDownClass</span>
                <span class="method-start">508247 ms</span>
              </div> <!-- configuration-class after -->
          </div> <!-- main-panel-content rounded-window-bottom -->
        </div> <!-- panel -->
      </div> <!-- main-panel-root -->
    </div> <!-- wrapper -->
  </body>
<script type="text/javascript" src="testng-reports2.js"></script>
</html>
